{"/Users/ofoegbugoodnews/projects/node-projects/microservices/ticketing/auth/src/app.ts": {"path":"/Users/ofoegbugoodnews/projects/node-projects/microservices/ticketing/auth/src/app.ts","statementMap":{"0":{"start":{"line":1,"column":0},"end":{"line":1,"column":30}},"1":{"start":{"line":2,"column":0},"end":{"line":2,"column":30}},"2":{"start":{"line":3,"column":0},"end":{"line":3,"column":43}},"3":{"start":{"line":4,"column":0},"end":{"line":4,"column":35}},"4":{"start":{"line":6,"column":0},"end":{"line":6,"column":59}},"5":{"start":{"line":7,"column":0},"end":{"line":7,"column":51}},"6":{"start":{"line":8,"column":0},"end":{"line":8,"column":51}},"7":{"start":{"line":9,"column":0},"end":{"line":9,"column":52}},"8":{"start":{"line":10,"column":0},"end":{"line":10,"column":66}},"9":{"start":{"line":12,"column":12},"end":{"line":12,"column":21}},"10":{"start":{"line":35,"column":9},"end":{"line":35,"column":12}},"11":{"start":{"line":13,"column":0},"end":{"line":13,"column":29}},"12":{"start":{"line":15,"column":0},"end":{"line":15,"column":16}},"13":{"start":{"line":17,"column":0},"end":{"line":22,"column":null}},"14":{"start":{"line":24,"column":0},"end":{"line":24,"column":28}},"15":{"start":{"line":25,"column":0},"end":{"line":25,"column":26}},"16":{"start":{"line":26,"column":0},"end":{"line":26,"column":26}},"17":{"start":{"line":27,"column":0},"end":{"line":27,"column":27}},"18":{"start":{"line":29,"column":0},"end":{"line":31,"column":3}},"19":{"start":{"line":29,"column":13},"end":{"line":31,"column":2}},"20":{"start":{"line":30,"column":2},"end":{"line":30,"column":28}},"21":{"start":{"line":33,"column":0},"end":{"line":33,"column":22}}},"fnMap":{"0":{"name":"(anonymous_14)","decl":{"start":{"line":29,"column":13},"end":{"line":29,"column":null}},"loc":{"start":{"line":29,"column":13},"end":{"line":31,"column":2}}}},"branchMap":{},"s":{"0":5,"1":5,"2":5,"3":5,"4":5,"5":5,"6":5,"7":5,"8":5,"9":5,"10":5,"11":5,"12":5,"13":5,"14":5,"15":5,"16":5,"17":5,"18":5,"19":1,"20":1,"21":5},"f":{"0":2},"b":{}}
,"/Users/ofoegbugoodnews/projects/node-projects/microservices/ticketing/auth/src/controllers/current-user-controller/index.ts": {"path":"/Users/ofoegbugoodnews/projects/node-projects/microservices/ticketing/auth/src/controllers/current-user-controller/index.ts","statementMap":{"0":{"start":{"line":3,"column":0},"end":{"line":11,"column":null}},"1":{"start":{"line":6,"column":20},"end":{"line":11,"column":null}},"2":{"start":{"line":8,"column":4},"end":{"line":10,"column":7}}},"fnMap":{"0":{"name":"(anonymous_13)","decl":{"start":{"line":3,"column":15},"end":{"line":3,"column":null}},"loc":{"start":{"line":6,"column":20},"end":{"line":11,"column":null}}},"1":{"name":"(anonymous_14)","decl":{"start":{"line":6,"column":20},"end":{"line":6,"column":null}},"loc":{"start":{"line":6,"column":20},"end":{"line":11,"column":null}}}},"branchMap":{"0":{"loc":{"start":{"line":9,"column":19},"end":{"line":9,"column":34}},"type":"binary-expr","locations":[{"start":{"line":9,"column":19},"end":{"line":9,"column":34}},{"start":{"line":9,"column":38},"end":{"line":9,"column":42}}]}},"s":{"0":5,"1":2,"2":2},"f":{"0":2,"1":2},"b":{"0":[2,1]}}
,"/Users/ofoegbugoodnews/projects/node-projects/microservices/ticketing/auth/src/controllers/logout-controller/index.ts": {"path":"/Users/ofoegbugoodnews/projects/node-projects/microservices/ticketing/auth/src/controllers/logout-controller/index.ts","statementMap":{"0":{"start":{"line":3,"column":0},"end":{"line":11,"column":null}},"1":{"start":{"line":6,"column":20},"end":{"line":11,"column":null}},"2":{"start":{"line":8,"column":4},"end":{"line":8,"column":23}},"3":{"start":{"line":10,"column":4},"end":{"line":10,"column":29}}},"fnMap":{"0":{"name":"(anonymous_13)","decl":{"start":{"line":3,"column":15},"end":{"line":3,"column":null}},"loc":{"start":{"line":6,"column":20},"end":{"line":11,"column":null}}},"1":{"name":"(anonymous_14)","decl":{"start":{"line":6,"column":20},"end":{"line":6,"column":null}},"loc":{"start":{"line":6,"column":20},"end":{"line":11,"column":null}}}},"branchMap":{},"s":{"0":5,"1":1,"2":1,"3":1},"f":{"0":1,"1":1},"b":{}}
,"/Users/ofoegbugoodnews/projects/node-projects/microservices/ticketing/auth/src/controllers/signin-controller/index.ts": {"path":"/Users/ofoegbugoodnews/projects/node-projects/microservices/ticketing/auth/src/controllers/signin-controller/index.ts","statementMap":{"0":{"start":{"line":1,"column":0},"end":{"line":1,"column":53}},"1":{"start":{"line":2,"column":0},"end":{"line":2,"column":54}},"2":{"start":{"line":4,"column":0},"end":{"line":4,"column":47}},"3":{"start":{"line":5,"column":0},"end":{"line":5,"column":31}},"4":{"start":{"line":7,"column":0},"end":{"line":45,"column":null}},"5":{"start":{"line":7,"column":69},"end":{"line":45,"column":null}},"6":{"start":{"line":10,"column":10},"end":{"line":10,"column":30}},"7":{"start":{"line":11,"column":17},"end":{"line":11,"column":null}},"8":{"start":{"line":11,"column":10},"end":{"line":11,"column":null}},"9":{"start":{"line":13,"column":4},"end":{"line":15,"column":null}},"10":{"start":{"line":14,"column":6},"end":{"line":14,"column":55}},"11":{"start":{"line":17,"column":26},"end":{"line":20,"column":null}},"12":{"start":{"line":17,"column":10},"end":{"line":20,"column":null}},"13":{"start":{"line":22,"column":4},"end":{"line":24,"column":null}},"14":{"start":{"line":23,"column":6},"end":{"line":23,"column":55}},"15":{"start":{"line":27,"column":11},"end":{"line":32,"column":6}},"16":{"start":{"line":35,"column":4},"end":{"line":35,"column":35}},"17":{"start":{"line":37,"column":4},"end":{"line":40,"column":7}},"18":{"start":{"line":43,"column":4},"end":{"line":43,"column":45}}},"fnMap":{"0":{"name":"(anonymous_14)","decl":{"start":{"line":7,"column":15},"end":{"line":7,"column":22}},"loc":{"start":{"line":7,"column":69},"end":{"line":45,"column":null}}},"1":{"name":"(anonymous_15)","decl":{"start":{"line":7,"column":69},"end":{"line":7,"column":null}},"loc":{"start":{"line":7,"column":69},"end":{"line":45,"column":null}}}},"branchMap":{"0":{"loc":{"start":{"line":13,"column":4},"end":{"line":15,"column":null}},"type":"if","locations":[{"start":{"line":13,"column":4},"end":{"line":15,"column":null}},{"start":{"line":13,"column":4},"end":{"line":15,"column":null}}]},"1":{"loc":{"start":{"line":22,"column":4},"end":{"line":24,"column":null}},"type":"if","locations":[{"start":{"line":22,"column":4},"end":{"line":24,"column":null}},{"start":{"line":22,"column":4},"end":{"line":24,"column":null}}]}},"s":{"0":5,"1":5,"2":5,"3":5,"4":5,"5":3,"6":3,"7":3,"8":3,"9":3,"10":1,"11":2,"12":2,"13":2,"14":1,"15":1,"16":1,"17":1,"18":2},"f":{"0":3,"1":3},"b":{"0":[1,2],"1":[1,1]}}
,"/Users/ofoegbugoodnews/projects/node-projects/microservices/ticketing/auth/src/controllers/signup-controller/index.ts": {"path":"/Users/ofoegbugoodnews/projects/node-projects/microservices/ticketing/auth/src/controllers/signup-controller/index.ts","statementMap":{"0":{"start":{"line":1,"column":0},"end":{"line":1,"column":54}},"1":{"start":{"line":3,"column":0},"end":{"line":3,"column":31}},"2":{"start":{"line":4,"column":0},"end":{"line":4,"column":47}},"3":{"start":{"line":6,"column":0},"end":{"line":39,"column":null}},"4":{"start":{"line":6,"column":69},"end":{"line":39,"column":null}},"5":{"start":{"line":9,"column":12},"end":{"line":9,"column":32}},"6":{"start":{"line":10,"column":24},"end":{"line":10,"column":null}},"7":{"start":{"line":10,"column":12},"end":{"line":10,"column":null}},"8":{"start":{"line":12,"column":6},"end":{"line":14,"column":null}},"9":{"start":{"line":13,"column":8},"end":{"line":13,"column":73}},"10":{"start":{"line":16,"column":12},"end":{"line":16,"column":49}},"11":{"start":{"line":18,"column":6},"end":{"line":18,"column":24}},"12":{"start":{"line":21,"column":12},"end":{"line":26,"column":8}},"13":{"start":{"line":29,"column":6},"end":{"line":29,"column":37}},"14":{"start":{"line":31,"column":6},"end":{"line":34,"column":9}},"15":{"start":{"line":37,"column":6},"end":{"line":37,"column":47}}},"fnMap":{"0":{"name":"(anonymous_14)","decl":{"start":{"line":6,"column":15},"end":{"line":6,"column":22}},"loc":{"start":{"line":6,"column":69},"end":{"line":39,"column":null}}},"1":{"name":"(anonymous_15)","decl":{"start":{"line":6,"column":69},"end":{"line":6,"column":null}},"loc":{"start":{"line":6,"column":69},"end":{"line":39,"column":null}}}},"branchMap":{"0":{"loc":{"start":{"line":12,"column":6},"end":{"line":14,"column":null}},"type":"if","locations":[{"start":{"line":12,"column":6},"end":{"line":14,"column":null}},{"start":{"line":12,"column":6},"end":{"line":14,"column":null}}]}},"s":{"0":5,"1":5,"2":5,"3":5,"4":10,"5":10,"6":10,"7":10,"8":10,"9":1,"10":9,"11":18,"12":9,"13":9,"14":9,"15":1},"f":{"0":10,"1":10},"b":{"0":[1,9]}}
,"/Users/ofoegbugoodnews/projects/node-projects/microservices/ticketing/auth/src/models/user-model/index.ts": {"path":"/Users/ofoegbugoodnews/projects/node-projects/microservices/ticketing/auth/src/models/user-model/index.ts","statementMap":{"0":{"start":{"line":1,"column":0},"end":{"line":1,"column":32}},"1":{"start":{"line":2,"column":0},"end":{"line":2,"column":51}},"2":{"start":{"line":26,"column":19},"end":{"line":45,"column":2}},"3":{"start":{"line":39,"column":6},"end":{"line":39,"column":23}},"4":{"start":{"line":40,"column":6},"end":{"line":40,"column":21}},"5":{"start":{"line":41,"column":6},"end":{"line":41,"column":26}},"6":{"start":{"line":42,"column":6},"end":{"line":42,"column":21}},"7":{"start":{"line":47,"column":0},"end":{"line":53,"column":3}},"8":{"start":{"line":48,"column":6},"end":{"line":48,"column":10}},"9":{"start":{"line":49,"column":21},"end":{"line":49,"column":null}},"10":{"start":{"line":49,"column":10},"end":{"line":49,"column":null}},"11":{"start":{"line":50,"column":4},"end":{"line":50,"column":35}},"12":{"start":{"line":52,"column":2},"end":{"line":52,"column":9}},"13":{"start":{"line":55,"column":0},"end":{"line":57,"column":2}},"14":{"start":{"line":56,"column":2},"end":{"line":56,"column":25}},"15":{"start":{"line":59,"column":13},"end":{"line":59,"column":72}},"16":{"start":{"line":61,"column":9},"end":{"line":61,"column":13}}},"fnMap":{"0":{"name":"(anonymous_14)","decl":{"start":{"line":38,"column":13},"end":{"line":38,"column":14}},"loc":{"start":{"line":38,"column":22},"end":{"line":43,"column":5}}},"1":{"name":"(anonymous_15)","decl":{"start":{"line":47,"column":23},"end":{"line":47,"column":38}},"loc":{"start":{"line":47,"column":42},"end":{"line":53,"column":2}}},"2":{"name":"(anonymous_18)","decl":{"start":{"line":55,"column":27},"end":{"line":55,"column":28}},"loc":{"start":{"line":55,"column":43},"end":{"line":57,"column":1}}}},"branchMap":{"0":{"loc":{"start":{"line":48,"column":6},"end":{"line":48,"column":10}},"type":"if","locations":[{"start":{"line":48,"column":6},"end":{"line":48,"column":10}},{"start":{"line":48,"column":6},"end":{"line":48,"column":10}}]}},"s":{"0":5,"1":5,"2":5,"3":10,"4":10,"5":10,"6":10,"7":5,"8":9,"9":9,"10":9,"11":9,"12":9,"13":5,"14":9,"15":5,"16":5},"f":{"0":10,"1":9,"2":9},"b":{"0":[0,9]}}
,"/Users/ofoegbugoodnews/projects/node-projects/microservices/ticketing/auth/src/routes/current-user/index.ts": {"path":"/Users/ofoegbugoodnews/projects/node-projects/microservices/ticketing/auth/src/routes/current-user/index.ts","statementMap":{"0":{"start":{"line":1,"column":0},"end":{"line":1,"column":50}},"1":{"start":{"line":2,"column":0},"end":{"line":2,"column":30}},"2":{"start":{"line":3,"column":0},"end":{"line":3,"column":78}},"3":{"start":{"line":5,"column":15},"end":{"line":5,"column":31}},"4":{"start":{"line":9,"column":18},"end":{"line":9,"column":36}},"5":{"start":{"line":7,"column":0},"end":{"line":7,"column":64}}},"fnMap":{},"branchMap":{},"s":{"0":5,"1":5,"2":5,"3":5,"4":5,"5":5},"f":{},"b":{}}
,"/Users/ofoegbugoodnews/projects/node-projects/microservices/ticketing/auth/src/routes/logout/index.ts": {"path":"/Users/ofoegbugoodnews/projects/node-projects/microservices/ticketing/auth/src/routes/logout/index.ts","statementMap":{"0":{"start":{"line":1,"column":0},"end":{"line":1,"column":30}},"1":{"start":{"line":2,"column":0},"end":{"line":2,"column":67}},"2":{"start":{"line":4,"column":15},"end":{"line":4,"column":31}},"3":{"start":{"line":8,"column":18},"end":{"line":8,"column":35}},"4":{"start":{"line":6,"column":0},"end":{"line":6,"column":52}}},"fnMap":{},"branchMap":{},"s":{"0":5,"1":5,"2":5,"3":5,"4":5},"f":{},"b":{}}
,"/Users/ofoegbugoodnews/projects/node-projects/microservices/ticketing/auth/src/routes/signin/index.ts": {"path":"/Users/ofoegbugoodnews/projects/node-projects/microservices/ticketing/auth/src/routes/signin/index.ts","statementMap":{"0":{"start":{"line":1,"column":0},"end":{"line":1,"column":30}},"1":{"start":{"line":2,"column":0},"end":{"line":2,"column":39}},"2":{"start":{"line":3,"column":0},"end":{"line":3,"column":67}},"3":{"start":{"line":4,"column":0},"end":{"line":4,"column":54}},"4":{"start":{"line":6,"column":15},"end":{"line":6,"column":31}},"5":{"start":{"line":24,"column":18},"end":{"line":24,"column":34}},"6":{"start":{"line":8,"column":0},"end":{"line":22,"column":2}}},"fnMap":{},"branchMap":{},"s":{"0":5,"1":5,"2":5,"3":5,"4":5,"5":5,"6":5},"f":{},"b":{}}
,"/Users/ofoegbugoodnews/projects/node-projects/microservices/ticketing/auth/src/routes/signup/index.ts": {"path":"/Users/ofoegbugoodnews/projects/node-projects/microservices/ticketing/auth/src/routes/signup/index.ts","statementMap":{"0":{"start":{"line":1,"column":0},"end":{"line":1,"column":30}},"1":{"start":{"line":2,"column":0},"end":{"line":2,"column":39}},"2":{"start":{"line":3,"column":0},"end":{"line":3,"column":67}},"3":{"start":{"line":4,"column":0},"end":{"line":4,"column":54}},"4":{"start":{"line":6,"column":15},"end":{"line":6,"column":31}},"5":{"start":{"line":22,"column":18},"end":{"line":22,"column":34}},"6":{"start":{"line":8,"column":0},"end":{"line":20,"column":2}}},"fnMap":{},"branchMap":{},"s":{"0":5,"1":5,"2":5,"3":5,"4":5,"5":5,"6":5},"f":{},"b":{}}
,"/Users/ofoegbugoodnews/projects/node-projects/microservices/ticketing/auth/src/services/Password.ts": {"path":"/Users/ofoegbugoodnews/projects/node-projects/microservices/ticketing/auth/src/services/Password.ts","statementMap":{"0":{"start":{"line":1,"column":0},"end":{"line":1,"column":45}},"1":{"start":{"line":2,"column":0},"end":{"line":2,"column":33}},"2":{"start":{"line":4,"column":20},"end":{"line":4,"column":37}},"3":{"start":{"line":6,"column":0},"end":{"line":6,"column":13}},"4":{"start":{"line":7,"column":15},"end":{"line":12,"column":null}},"5":{"start":{"line":8,"column":10},"end":{"line":8,"column":48}},"6":{"start":{"line":9,"column":17},"end":{"line":9,"column":65}},"7":{"start":{"line":9,"column":10},"end":{"line":9,"column":null}},"8":{"start":{"line":11,"column":4},"end":{"line":11,"column":44}},"9":{"start":{"line":14,"column":15},"end":{"line":19,"column":null}},"10":{"start":{"line":15,"column":10},"end":{"line":15,"column":35}},"11":{"start":{"line":16,"column":17},"end":{"line":16,"column":73}},"12":{"start":{"line":16,"column":10},"end":{"line":16,"column":null}},"13":{"start":{"line":18,"column":4},"end":{"line":18,"column":50}},"14":{"start":{"line":20,"column":0},"end":{"line":20,"column":null}},"15":{"start":{"line":6,"column":13},"end":{"line":6,"column":21}}},"fnMap":{"0":{"name":"(anonymous_13)","decl":{"start":{"line":6,"column":0},"end":{"line":6,"column":13}},"loc":{"start":{"line":6,"column":0},"end":{"line":20,"column":null}}},"1":{"name":"(anonymous_15)","decl":{"start":{"line":7,"column":2},"end":{"line":7,"column":15}},"loc":{"start":{"line":7,"column":38},"end":{"line":12,"column":null}}},"2":{"name":"(anonymous_18)","decl":{"start":{"line":14,"column":2},"end":{"line":14,"column":15}},"loc":{"start":{"line":14,"column":71},"end":{"line":19,"column":null}}}},"branchMap":{},"s":{"0":5,"1":5,"2":5,"3":5,"4":5,"5":9,"6":9,"7":9,"8":9,"9":5,"10":2,"11":2,"12":2,"13":2,"14":5,"15":5},"f":{"0":5,"1":9,"2":2},"b":{}}
}
