TN:
SF:src/app.ts
FN:29,(anonymous_14)
FNF:1
FNH:1
FNDA:2,(anonymous_14)
DA:1,5
DA:2,5
DA:3,5
DA:4,5
DA:6,5
DA:7,5
DA:8,5
DA:9,5
DA:10,5
DA:12,5
DA:13,5
DA:15,5
DA:17,5
DA:24,5
DA:25,5
DA:26,5
DA:27,5
DA:29,5
DA:30,1
DA:33,5
DA:35,5
LF:21
LH:21
BRF:0
BRH:0
end_of_record
TN:
SF:src/controllers/current-user-controller/index.ts
FN:3,(anonymous_13)
FN:6,(anonymous_14)
FNF:2
FNH:2
FNDA:2,(anonymous_13)
FNDA:2,(anonymous_14)
DA:3,5
DA:6,2
DA:8,2
LF:3
LH:3
BRDA:9,0,0,2
BRDA:9,0,1,1
BRF:2
BRH:2
end_of_record
TN:
SF:src/controllers/logout-controller/index.ts
FN:3,(anonymous_13)
FN:6,(anonymous_14)
FNF:2
FNH:2
FNDA:1,(anonymous_13)
FNDA:1,(anonymous_14)
DA:3,5
DA:6,1
DA:8,1
DA:10,1
LF:4
LH:4
BRF:0
BRH:0
end_of_record
TN:
SF:src/controllers/signin-controller/index.ts
FN:7,(anonymous_14)
FN:7,(anonymous_15)
FNF:2
FNH:2
FNDA:3,(anonymous_14)
FNDA:3,(anonymous_15)
DA:1,5
DA:2,5
DA:4,5
DA:5,5
DA:7,5
DA:10,3
DA:11,3
DA:13,3
DA:14,1
DA:17,2
DA:22,2
DA:23,1
DA:27,1
DA:35,1
DA:37,1
DA:43,2
LF:16
LH:16
BRDA:13,0,0,1
BRDA:13,0,1,2
BRDA:22,1,0,1
BRDA:22,1,1,1
BRF:4
BRH:4
end_of_record
TN:
SF:src/controllers/signup-controller/index.ts
FN:6,(anonymous_14)
FN:6,(anonymous_15)
FNF:2
FNH:2
FNDA:10,(anonymous_14)
FNDA:10,(anonymous_15)
DA:1,5
DA:3,5
DA:4,5
DA:6,10
DA:9,10
DA:10,10
DA:12,10
DA:13,1
DA:16,9
DA:18,18
DA:21,9
DA:29,9
DA:31,9
DA:37,1
LF:14
LH:14
BRDA:12,0,0,1
BRDA:12,0,1,9
BRF:2
BRH:2
end_of_record
TN:
SF:src/models/user-model/index.ts
FN:38,(anonymous_14)
FN:47,(anonymous_15)
FN:55,(anonymous_18)
FNF:3
FNH:3
FNDA:10,(anonymous_14)
FNDA:9,(anonymous_15)
FNDA:9,(anonymous_18)
DA:1,5
DA:2,5
DA:26,5
DA:39,10
DA:40,10
DA:41,10
DA:42,10
DA:47,5
DA:48,9
DA:49,9
DA:50,9
DA:52,9
DA:55,5
DA:56,9
DA:59,5
DA:61,5
LF:16
LH:16
BRDA:48,0,0,0
BRDA:48,0,1,9
BRF:2
BRH:1
end_of_record
TN:
SF:src/routes/current-user/index.ts
FNF:0
FNH:0
DA:1,5
DA:2,5
DA:3,5
DA:5,5
DA:7,5
DA:9,5
LF:6
LH:6
BRF:0
BRH:0
end_of_record
TN:
SF:src/routes/logout/index.ts
FNF:0
FNH:0
DA:1,5
DA:2,5
DA:4,5
DA:6,5
DA:8,5
LF:5
LH:5
BRF:0
BRH:0
end_of_record
TN:
SF:src/routes/signin/index.ts
FNF:0
FNH:0
DA:1,5
DA:2,5
DA:3,5
DA:4,5
DA:6,5
DA:8,5
DA:24,5
LF:7
LH:7
BRF:0
BRH:0
end_of_record
TN:
SF:src/routes/signup/index.ts
FNF:0
FNH:0
DA:1,5
DA:2,5
DA:3,5
DA:4,5
DA:6,5
DA:8,5
DA:22,5
LF:7
LH:7
BRF:0
BRH:0
end_of_record
TN:
SF:src/services/Password.ts
FN:6,(anonymous_13)
FN:7,(anonymous_15)
FN:14,(anonymous_18)
FNF:3
FNH:3
FNDA:5,(anonymous_13)
FNDA:9,(anonymous_15)
FNDA:2,(anonymous_18)
DA:1,5
DA:2,5
DA:4,5
DA:6,5
DA:7,5
DA:8,9
DA:9,9
DA:11,9
DA:14,5
DA:15,2
DA:16,2
DA:18,2
DA:20,5
LF:13
LH:13
BRF:0
BRH:0
end_of_record
