{"/Users/ofoegbugoodnews/projects/node-projects/microservices/ticketing/payments/src/app.ts": {"path":"/Users/ofoegbugoodnews/projects/node-projects/microservices/ticketing/payments/src/app.ts","statementMap":{"0":{"start":{"line":1,"column":0},"end":{"line":1,"column":30}},"1":{"start":{"line":2,"column":0},"end":{"line":2,"column":30}},"2":{"start":{"line":3,"column":0},"end":{"line":3,"column":43}},"3":{"start":{"line":4,"column":0},"end":{"line":4,"column":35}},"4":{"start":{"line":6,"column":0},"end":{"line":6,"column":79}},"5":{"start":{"line":7,"column":0},"end":{"line":7,"column":53}},"6":{"start":{"line":8,"column":0},"end":{"line":8,"column":60}},"7":{"start":{"line":11,"column":12},"end":{"line":11,"column":21}},"8":{"start":{"line":33,"column":9},"end":{"line":33,"column":12}},"9":{"start":{"line":12,"column":0},"end":{"line":12,"column":29}},"10":{"start":{"line":14,"column":0},"end":{"line":14,"column":16}},"11":{"start":{"line":16,"column":0},"end":{"line":21,"column":2}},"12":{"start":{"line":23,"column":0},"end":{"line":23,"column":21}},"13":{"start":{"line":24,"column":0},"end":{"line":24,"column":28}},"14":{"start":{"line":25,"column":0},"end":{"line":25,"column":28}},"15":{"start":{"line":27,"column":0},"end":{"line":29,"column":3}},"16":{"start":{"line":27,"column":13},"end":{"line":29,"column":2}},"17":{"start":{"line":28,"column":2},"end":{"line":28,"column":28}},"18":{"start":{"line":31,"column":0},"end":{"line":31,"column":22}}},"fnMap":{"0":{"name":"(anonymous_14)","decl":{"start":{"line":27,"column":13},"end":{"line":27,"column":null}},"loc":{"start":{"line":27,"column":13},"end":{"line":29,"column":2}}}},"branchMap":{},"s":{"0":2,"1":2,"2":2,"3":2,"4":2,"5":2,"6":2,"7":2,"8":2,"9":2,"10":2,"11":2,"12":2,"13":2,"14":2,"15":2,"16":0,"17":0,"18":2},"f":{"0":0},"b":{}}
,"/Users/ofoegbugoodnews/projects/node-projects/microservices/ticketing/payments/src/stripe.ts": {"path":"/Users/ofoegbugoodnews/projects/node-projects/microservices/ticketing/payments/src/stripe.ts","statementMap":{"0":{"start":{"line":1,"column":0},"end":{"line":1,"column":28}},"1":{"start":{"line":3,"column":13},"end":{"line":5,"column":3}}},"fnMap":{},"branchMap":{},"s":{"0":2,"1":2},"f":{},"b":{}}
,"/Users/ofoegbugoodnews/projects/node-projects/microservices/ticketing/payments/src/controllers/create-charge/index.ts": {"path":"/Users/ofoegbugoodnews/projects/node-projects/microservices/ticketing/payments/src/controllers/create-charge/index.ts","statementMap":{"0":{"start":{"line":1,"column":0},"end":{"line":1,"column":40}},"1":{"start":{"line":2,"column":0},"end":{"line":2,"column":null}},"2":{"start":{"line":9,"column":0},"end":{"line":9,"column":43}},"3":{"start":{"line":10,"column":0},"end":{"line":10,"column":47}},"4":{"start":{"line":13,"column":0},"end":{"line":46,"column":null}},"5":{"start":{"line":16,"column":20},"end":{"line":46,"column":null}},"6":{"start":{"line":18,"column":8},"end":{"line":18,"column":29}},"7":{"start":{"line":20,"column":16},"end":{"line":20,"column":null}},"8":{"start":{"line":20,"column":8},"end":{"line":20,"column":null}},"9":{"start":{"line":22,"column":2},"end":{"line":24,"column":null}},"10":{"start":{"line":23,"column":4},"end":{"line":23,"column":null}},"11":{"start":{"line":25,"column":2},"end":{"line":27,"column":null}},"12":{"start":{"line":26,"column":4},"end":{"line":26,"column":null}},"13":{"start":{"line":28,"column":2},"end":{"line":30,"column":null}},"14":{"start":{"line":29,"column":4},"end":{"line":29,"column":66}},"15":{"start":{"line":32,"column":17},"end":{"line":36,"column":null}},"16":{"start":{"line":32,"column":8},"end":{"line":36,"column":null}},"17":{"start":{"line":39,"column":8},"end":{"line":42,"column":5}},"18":{"start":{"line":43,"column":2},"end":{"line":43,"column":23}},"19":{"start":{"line":45,"column":2},"end":{"line":45,"column":42}}},"fnMap":{"0":{"name":"(anonymous_13)","decl":{"start":{"line":13,"column":15},"end":{"line":13,"column":null}},"loc":{"start":{"line":16,"column":20},"end":{"line":46,"column":null}}},"1":{"name":"(anonymous_14)","decl":{"start":{"line":16,"column":20},"end":{"line":16,"column":null}},"loc":{"start":{"line":16,"column":20},"end":{"line":46,"column":null}}}},"branchMap":{"0":{"loc":{"start":{"line":22,"column":2},"end":{"line":24,"column":null}},"type":"if","locations":[{"start":{"line":22,"column":2},"end":{"line":24,"column":null}},{"start":{"line":22,"column":2},"end":{"line":24,"column":null}}]},"1":{"loc":{"start":{"line":25,"column":2},"end":{"line":27,"column":null}},"type":"if","locations":[{"start":{"line":25,"column":2},"end":{"line":27,"column":null}},{"start":{"line":25,"column":2},"end":{"line":27,"column":null}}]},"2":{"loc":{"start":{"line":28,"column":2},"end":{"line":30,"column":null}},"type":"if","locations":[{"start":{"line":28,"column":2},"end":{"line":30,"column":null}},{"start":{"line":28,"column":2},"end":{"line":30,"column":null}}]}},"s":{"0":2,"1":2,"2":2,"3":2,"4":2,"5":4,"6":4,"7":4,"8":4,"9":4,"10":1,"11":3,"12":1,"13":2,"14":1,"15":1,"16":1,"17":1,"18":2,"19":1},"f":{"0":4,"1":4},"b":{"0":[1,3],"1":[1,2],"2":[1,1]}}
,"/Users/ofoegbugoodnews/projects/node-projects/microservices/ticketing/payments/src/controllers/fetch-charges/index.ts": {"path":"/Users/ofoegbugoodnews/projects/node-projects/microservices/ticketing/payments/src/controllers/fetch-charges/index.ts","statementMap":{"0":{"start":{"line":2,"column":0},"end":{"line":2,"column":47}},"1":{"start":{"line":5,"column":0},"end":{"line":14,"column":null}},"2":{"start":{"line":8,"column":20},"end":{"line":14,"column":null}},"3":{"start":{"line":11,"column":19},"end":{"line":11,"column":null}},"4":{"start":{"line":11,"column":8},"end":{"line":11,"column":null}},"5":{"start":{"line":13,"column":2},"end":{"line":13,"column":33}}},"fnMap":{"0":{"name":"(anonymous_13)","decl":{"start":{"line":5,"column":15},"end":{"line":5,"column":null}},"loc":{"start":{"line":8,"column":20},"end":{"line":14,"column":null}}},"1":{"name":"(anonymous_14)","decl":{"start":{"line":8,"column":20},"end":{"line":8,"column":null}},"loc":{"start":{"line":8,"column":20},"end":{"line":14,"column":null}}}},"branchMap":{"0":{"loc":{"start":{"line":11,"column":19},"end":{"line":11,"column":null}},"type":"switch","locations":[{"start":{"line":11,"column":19},"end":{"line":11,"column":null}}]}},"s":{"0":2,"1":2,"2":1,"3":1,"4":1,"5":1},"f":{"0":1,"1":1},"b":{"0":[1]}}
,"/Users/ofoegbugoodnews/projects/node-projects/microservices/ticketing/payments/src/events/listeners/OrderCancelledListener.ts": {"path":"/Users/ofoegbugoodnews/projects/node-projects/microservices/ticketing/payments/src/events/listeners/OrderCancelledListener.ts","statementMap":{"0":{"start":{"line":2,"column":0},"end":{"line":2,"column":91}},"1":{"start":{"line":3,"column":0},"end":{"line":3,"column":52}},"2":{"start":{"line":4,"column":0},"end":{"line":4,"column":43}},"3":{"start":{"line":6,"column":0},"end":{"line":6,"column":73}},"4":{"start":{"line":6,"column":44},"end":{"line":6,"column":52}},"5":{"start":{"line":6,"column":0},"end":{"line":6,"column":13}},"6":{"start":{"line":7,"column":11},"end":{"line":7,"column":45}},"7":{"start":{"line":8,"column":2},"end":{"line":8,"column":34}},"8":{"start":{"line":10,"column":8},"end":{"line":24,"column":null}},"9":{"start":{"line":11,"column":18},"end":{"line":14,"column":null}},"10":{"start":{"line":11,"column":10},"end":{"line":14,"column":null}},"11":{"start":{"line":16,"column":4},"end":{"line":18,"column":null}},"12":{"start":{"line":17,"column":6},"end":{"line":17,"column":42}},"13":{"start":{"line":20,"column":4},"end":{"line":20,"column":49}},"14":{"start":{"line":21,"column":4},"end":{"line":21,"column":23}},"15":{"start":{"line":23,"column":4},"end":{"line":23,"column":14}},"16":{"start":{"line":25,"column":0},"end":{"line":25,"column":null}},"17":{"start":{"line":6,"column":13},"end":{"line":6,"column":35}}},"fnMap":{"0":{"name":"(anonymous_19)","decl":{"start":{"line":6,"column":0},"end":{"line":6,"column":13}},"loc":{"start":{"line":6,"column":0},"end":{"line":25,"column":null}}},"1":{"name":"(anonymous_21)","decl":{"start":{"line":10,"column":2},"end":{"line":10,"column":8}},"loc":{"start":{"line":10,"column":65},"end":{"line":24,"column":null}}}},"branchMap":{"0":{"loc":{"start":{"line":6,"column":0},"end":{"line":6,"column":13}},"type":"binary-expr","locations":[{"start":{"line":6,"column":0},"end":{"line":6,"column":13}},{"start":{"line":6,"column":0},"end":{"line":6,"column":13}},{"start":{"line":6,"column":0},"end":{"line":6,"column":13}}]},"1":{"loc":{"start":{"line":11,"column":18},"end":{"line":14,"column":null}},"type":"switch","locations":[{"start":{"line":11,"column":18},"end":{"line":14,"column":null}}]},"2":{"loc":{"start":{"line":16,"column":4},"end":{"line":18,"column":null}},"type":"if","locations":[{"start":{"line":16,"column":4},"end":{"line":18,"column":null}},{"start":{"line":16,"column":4},"end":{"line":18,"column":null}}]}},"s":{"0":1,"1":1,"2":1,"3":1,"4":1,"5":2,"6":2,"7":2,"8":1,"9":2,"10":2,"11":2,"12":0,"13":2,"14":4,"15":2,"16":1,"17":1},"f":{"0":3,"1":2},"b":{"0":[2,2,2],"1":[2],"2":[0,2]}}
,"/Users/ofoegbugoodnews/projects/node-projects/microservices/ticketing/payments/src/events/listeners/OrderCreatedListener.ts": {"path":"/Users/ofoegbugoodnews/projects/node-projects/microservices/ticketing/payments/src/events/listeners/OrderCreatedListener.ts","statementMap":{"0":{"start":{"line":2,"column":0},"end":{"line":2,"column":76}},"1":{"start":{"line":3,"column":0},"end":{"line":3,"column":52}},"2":{"start":{"line":4,"column":0},"end":{"line":4,"column":43}},"3":{"start":{"line":6,"column":0},"end":{"line":6,"column":69}},"4":{"start":{"line":6,"column":42},"end":{"line":6,"column":50}},"5":{"start":{"line":6,"column":0},"end":{"line":6,"column":13}},"6":{"start":{"line":7,"column":11},"end":{"line":7,"column":43}},"7":{"start":{"line":8,"column":2},"end":{"line":8,"column":34}},"8":{"start":{"line":10,"column":8},"end":{"line":21,"column":null}},"9":{"start":{"line":11,"column":10},"end":{"line":17,"column":7}},"10":{"start":{"line":18,"column":4},"end":{"line":18,"column":23}},"11":{"start":{"line":20,"column":4},"end":{"line":20,"column":14}},"12":{"start":{"line":22,"column":0},"end":{"line":22,"column":null}},"13":{"start":{"line":6,"column":13},"end":{"line":6,"column":33}}},"fnMap":{"0":{"name":"(anonymous_19)","decl":{"start":{"line":6,"column":0},"end":{"line":6,"column":13}},"loc":{"start":{"line":6,"column":0},"end":{"line":22,"column":null}}},"1":{"name":"(anonymous_21)","decl":{"start":{"line":10,"column":2},"end":{"line":10,"column":8}},"loc":{"start":{"line":10,"column":63},"end":{"line":21,"column":null}}}},"branchMap":{"0":{"loc":{"start":{"line":6,"column":0},"end":{"line":6,"column":13}},"type":"binary-expr","locations":[{"start":{"line":6,"column":0},"end":{"line":6,"column":13}},{"start":{"line":6,"column":0},"end":{"line":6,"column":13}},{"start":{"line":6,"column":0},"end":{"line":6,"column":13}}]}},"s":{"0":1,"1":1,"2":1,"3":1,"4":1,"5":2,"6":2,"7":2,"8":1,"9":2,"10":4,"11":2,"12":1,"13":1},"f":{"0":3,"1":2},"b":{"0":[2,2,2]}}
,"/Users/ofoegbugoodnews/projects/node-projects/microservices/ticketing/payments/src/events/listeners/queue-group-name.ts": {"path":"/Users/ofoegbugoodnews/projects/node-projects/microservices/ticketing/payments/src/events/listeners/queue-group-name.ts","statementMap":{"0":{"start":{"line":1,"column":13},"end":{"line":1,"column":49}}},"fnMap":{},"branchMap":{},"s":{"0":2},"f":{},"b":{}}
,"/Users/ofoegbugoodnews/projects/node-projects/microservices/ticketing/payments/src/models/order.ts": {"path":"/Users/ofoegbugoodnews/projects/node-projects/microservices/ticketing/payments/src/models/order.ts","statementMap":{"0":{"start":{"line":1,"column":0},"end":{"line":1,"column":32}},"1":{"start":{"line":2,"column":0},"end":{"line":2,"column":9}},"2":{"start":{"line":5,"column":9},"end":{"line":2,"column":50}},"3":{"start":{"line":3,"column":0},"end":{"line":3,"column":67}},"4":{"start":{"line":28,"column":20},"end":{"line":49,"column":2}},"5":{"start":{"line":45,"column":6},"end":{"line":45,"column":23}},"6":{"start":{"line":46,"column":6},"end":{"line":46,"column":21}},"7":{"start":{"line":51,"column":0},"end":{"line":51,"column":41}},"8":{"start":{"line":52,"column":0},"end":{"line":52,"column":42}},"9":{"start":{"line":54,"column":0},"end":{"line":62,"column":null}},"10":{"start":{"line":55,"column":2},"end":{"line":61,"column":5}},"11":{"start":{"line":64,"column":14},"end":{"line":64,"column":72}},"12":{"start":{"line":66,"column":9},"end":{"line":66,"column":14}}},"fnMap":{"0":{"name":"(anonymous_1)","decl":{"start":{"line":5,"column":9},"end":{"line":5,"column":20}},"loc":{"start":{"line":5,"column":9},"end":{"line":2,"column":50}}},"1":{"name":"(anonymous_2)","decl":{"start":{"line":44,"column":13},"end":{"line":44,"column":14}},"loc":{"start":{"line":44,"column":22},"end":{"line":47,"column":5}}},"2":{"name":"(anonymous_3)","decl":{"start":{"line":54,"column":28},"end":{"line":54,"column":29}},"loc":{"start":{"line":54,"column":46},"end":{"line":62,"column":1}}}},"branchMap":{},"s":{"0":4,"1":4,"2":7,"3":4,"4":4,"5":0,"6":0,"7":4,"8":4,"9":4,"10":7,"11":4,"12":4},"f":{"0":3,"1":0,"2":7},"b":{}}
,"/Users/ofoegbugoodnews/projects/node-projects/microservices/ticketing/payments/src/models/payment.ts": {"path":"/Users/ofoegbugoodnews/projects/node-projects/microservices/ticketing/payments/src/models/payment.ts","statementMap":{"0":{"start":{"line":2,"column":0},"end":{"line":2,"column":32}},"1":{"start":{"line":18,"column":22},"end":{"line":35,"column":2}},"2":{"start":{"line":31,"column":6},"end":{"line":31,"column":23}},"3":{"start":{"line":32,"column":6},"end":{"line":32,"column":21}},"4":{"start":{"line":37,"column":0},"end":{"line":39,"column":null}},"5":{"start":{"line":38,"column":2},"end":{"line":38,"column":28}},"6":{"start":{"line":41,"column":16},"end":{"line":41,"column":82}},"7":{"start":{"line":43,"column":9},"end":{"line":43,"column":16}}},"fnMap":{"0":{"name":"(anonymous_1)","decl":{"start":{"line":30,"column":13},"end":{"line":30,"column":14}},"loc":{"start":{"line":30,"column":22},"end":{"line":33,"column":5}}},"1":{"name":"(anonymous_2)","decl":{"start":{"line":37,"column":30},"end":{"line":37,"column":31}},"loc":{"start":{"line":37,"column":50},"end":{"line":39,"column":1}}}},"branchMap":{},"s":{"0":2,"1":2,"2":0,"3":0,"4":2,"5":1,"6":2,"7":2},"f":{"0":0,"1":1},"b":{}}
,"/Users/ofoegbugoodnews/projects/node-projects/microservices/ticketing/payments/src/routes/create/index.ts": {"path":"/Users/ofoegbugoodnews/projects/node-projects/microservices/ticketing/payments/src/routes/create/index.ts","statementMap":{"0":{"start":{"line":1,"column":0},"end":{"line":1,"column":67}},"1":{"start":{"line":2,"column":0},"end":{"line":2,"column":30}},"2":{"start":{"line":3,"column":0},"end":{"line":3,"column":41}},"3":{"start":{"line":4,"column":0},"end":{"line":4,"column":69}},"4":{"start":{"line":6,"column":15},"end":{"line":6,"column":31}},"5":{"start":{"line":22,"column":19},"end":{"line":22,"column":37}},"6":{"start":{"line":8,"column":0},"end":{"line":20,"column":2}}},"fnMap":{},"branchMap":{},"s":{"0":2,"1":2,"2":2,"3":2,"4":2,"5":2,"6":2},"f":{},"b":{}}
,"/Users/ofoegbugoodnews/projects/node-projects/microservices/ticketing/payments/src/routes/fetch-charges/index.ts": {"path":"/Users/ofoegbugoodnews/projects/node-projects/microservices/ticketing/payments/src/routes/fetch-charges/index.ts","statementMap":{"0":{"start":{"line":1,"column":0},"end":{"line":1,"column":50}},"1":{"start":{"line":2,"column":0},"end":{"line":2,"column":30}},"2":{"start":{"line":3,"column":0},"end":{"line":3,"column":69}},"3":{"start":{"line":5,"column":15},"end":{"line":5,"column":31}},"4":{"start":{"line":12,"column":19},"end":{"line":12,"column":37}},"5":{"start":{"line":7,"column":0},"end":{"line":10,"column":2}}},"fnMap":{},"branchMap":{},"s":{"0":2,"1":2,"2":2,"3":2,"4":2,"5":2},"f":{},"b":{}}
}
