TN:
SF:src/app.ts
FN:27,(anonymous_14)
FNF:1
FNH:0
FNDA:0,(anonymous_14)
DA:1,2
DA:2,2
DA:3,2
DA:4,2
DA:6,2
DA:7,2
DA:8,2
DA:11,2
DA:12,2
DA:14,2
DA:16,2
DA:23,2
DA:24,2
DA:25,2
DA:27,2
DA:28,0
DA:31,2
DA:33,2
LF:18
LH:17
BRF:0
BRH:0
end_of_record
TN:
SF:src/stripe.ts
FNF:0
FNH:0
DA:1,2
DA:3,2
LF:2
LH:2
BRF:0
BRH:0
end_of_record
TN:
SF:src/controllers/create-charge/index.ts
FN:13,(anonymous_13)
FN:16,(anonymous_14)
FNF:2
FNH:2
FNDA:4,(anonymous_13)
FNDA:4,(anonymous_14)
DA:1,2
DA:2,2
DA:9,2
DA:10,2
DA:13,2
DA:16,4
DA:18,4
DA:20,4
DA:22,4
DA:23,1
DA:25,3
DA:26,1
DA:28,2
DA:29,1
DA:32,1
DA:39,1
DA:43,2
DA:45,1
LF:18
LH:18
BRDA:22,0,0,1
BRDA:22,0,1,3
BRDA:25,1,0,1
BRDA:25,1,1,2
BRDA:28,2,0,1
BRDA:28,2,1,1
BRF:6
BRH:6
end_of_record
TN:
SF:src/controllers/fetch-charges/index.ts
FN:5,(anonymous_13)
FN:8,(anonymous_14)
FNF:2
FNH:2
FNDA:1,(anonymous_13)
FNDA:1,(anonymous_14)
DA:2,2
DA:5,2
DA:8,1
DA:11,1
DA:13,1
LF:5
LH:5
BRDA:11,0,0,1
BRF:1
BRH:1
end_of_record
TN:
SF:src/events/listeners/OrderCancelledListener.ts
FN:6,(anonymous_19)
FN:10,(anonymous_21)
FNF:2
FNH:2
FNDA:3,(anonymous_19)
FNDA:2,(anonymous_21)
DA:2,1
DA:3,1
DA:4,1
DA:6,2
DA:7,2
DA:8,2
DA:10,1
DA:11,2
DA:16,2
DA:17,0
DA:20,2
DA:21,4
DA:23,2
DA:25,1
LF:14
LH:13
BRDA:6,0,0,2
BRDA:6,0,1,2
BRDA:6,0,2,2
BRDA:11,1,0,2
BRDA:16,2,0,0
BRDA:16,2,1,2
BRF:6
BRH:5
end_of_record
TN:
SF:src/events/listeners/OrderCreatedListener.ts
FN:6,(anonymous_19)
FN:10,(anonymous_21)
FNF:2
FNH:2
FNDA:3,(anonymous_19)
FNDA:2,(anonymous_21)
DA:2,1
DA:3,1
DA:4,1
DA:6,2
DA:7,2
DA:8,2
DA:10,1
DA:11,2
DA:18,4
DA:20,2
DA:22,1
LF:11
LH:11
BRDA:6,0,0,2
BRDA:6,0,1,2
BRDA:6,0,2,2
BRF:3
BRH:3
end_of_record
TN:
SF:src/events/listeners/queue-group-name.ts
FNF:0
FNH:0
DA:1,2
LF:1
LH:1
BRF:0
BRH:0
end_of_record
TN:
SF:src/models/order.ts
FN:5,(anonymous_1)
FN:44,(anonymous_2)
FN:54,(anonymous_3)
FNF:3
FNH:2
FNDA:3,(anonymous_1)
FNDA:0,(anonymous_2)
FNDA:7,(anonymous_3)
DA:1,4
DA:2,4
DA:3,4
DA:5,7
DA:28,4
DA:45,0
DA:46,0
DA:51,4
DA:52,4
DA:54,4
DA:55,7
DA:64,4
DA:66,4
LF:13
LH:11
BRF:0
BRH:0
end_of_record
TN:
SF:src/models/payment.ts
FN:30,(anonymous_1)
FN:37,(anonymous_2)
FNF:2
FNH:1
FNDA:0,(anonymous_1)
FNDA:1,(anonymous_2)
DA:2,2
DA:18,2
DA:31,0
DA:32,0
DA:37,2
DA:38,1
DA:41,2
DA:43,2
LF:8
LH:6
BRF:0
BRH:0
end_of_record
TN:
SF:src/routes/create/index.ts
FNF:0
FNH:0
DA:1,2
DA:2,2
DA:3,2
DA:4,2
DA:6,2
DA:8,2
DA:22,2
LF:7
LH:7
BRF:0
BRH:0
end_of_record
TN:
SF:src/routes/fetch-charges/index.ts
FNF:0
FNH:0
DA:1,2
DA:2,2
DA:3,2
DA:5,2
DA:7,2
DA:12,2
LF:6
LH:6
BRF:0
BRH:0
end_of_record
