{"/Users/ofoegbugoodnews/projects/node-projects/microservices/ticketing/orders/src/app.ts": {"path":"/Users/ofoegbugoodnews/projects/node-projects/microservices/ticketing/orders/src/app.ts","statementMap":{"0":{"start":{"line":1,"column":0},"end":{"line":1,"column":30}},"1":{"start":{"line":2,"column":0},"end":{"line":2,"column":30}},"2":{"start":{"line":3,"column":0},"end":{"line":3,"column":43}},"3":{"start":{"line":4,"column":0},"end":{"line":4,"column":35}},"4":{"start":{"line":6,"column":0},"end":{"line":6,"column":79}},"5":{"start":{"line":7,"column":0},"end":{"line":7,"column":58}},"6":{"start":{"line":8,"column":0},"end":{"line":8,"column":58}},"7":{"start":{"line":9,"column":0},"end":{"line":9,"column":56}},"8":{"start":{"line":10,"column":0},"end":{"line":10,"column":58}},"9":{"start":{"line":12,"column":12},"end":{"line":12,"column":21}},"10":{"start":{"line":36,"column":9},"end":{"line":36,"column":12}},"11":{"start":{"line":13,"column":0},"end":{"line":13,"column":29}},"12":{"start":{"line":15,"column":0},"end":{"line":15,"column":16}},"13":{"start":{"line":17,"column":0},"end":{"line":22,"column":2}},"14":{"start":{"line":24,"column":0},"end":{"line":24,"column":21}},"15":{"start":{"line":25,"column":0},"end":{"line":25,"column":27}},"16":{"start":{"line":26,"column":0},"end":{"line":26,"column":27}},"17":{"start":{"line":27,"column":0},"end":{"line":27,"column":26}},"18":{"start":{"line":28,"column":0},"end":{"line":28,"column":27}},"19":{"start":{"line":30,"column":0},"end":{"line":32,"column":3}},"20":{"start":{"line":30,"column":13},"end":{"line":32,"column":2}},"21":{"start":{"line":31,"column":2},"end":{"line":31,"column":28}},"22":{"start":{"line":34,"column":0},"end":{"line":34,"column":22}}},"fnMap":{"0":{"name":"(anonymous_14)","decl":{"start":{"line":30,"column":13},"end":{"line":30,"column":null}},"loc":{"start":{"line":30,"column":13},"end":{"line":32,"column":2}}}},"branchMap":{},"s":{"0":5,"1":5,"2":5,"3":5,"4":5,"5":5,"6":5,"7":5,"8":5,"9":5,"10":5,"11":5,"12":5,"13":5,"14":5,"15":5,"16":5,"17":5,"18":5,"19":5,"20":1,"21":1,"22":5},"f":{"0":2},"b":{}}
,"/Users/ofoegbugoodnews/projects/node-projects/microservices/ticketing/orders/src/controllers/create-order/index.ts": {"path":"/Users/ofoegbugoodnews/projects/node-projects/microservices/ticketing/orders/src/controllers/create-order/index.ts","statementMap":{"0":{"start":{"line":1,"column":0},"end":{"line":1,"column":51}},"1":{"start":{"line":2,"column":0},"end":{"line":2,"column":88}},"2":{"start":{"line":3,"column":0},"end":{"line":3,"column":82}},"3":{"start":{"line":5,"column":0},"end":{"line":5,"column":43}},"4":{"start":{"line":6,"column":0},"end":{"line":6,"column":45}},"5":{"start":{"line":8,"column":34},"end":{"line":8,"column":40}},"6":{"start":{"line":10,"column":0},"end":{"line":52,"column":null}},"7":{"start":{"line":10,"column":69},"end":{"line":52,"column":null}},"8":{"start":{"line":11,"column":10},"end":{"line":11,"column":23}},"9":{"start":{"line":13,"column":17},"end":{"line":13,"column":null}},"10":{"start":{"line":13,"column":8},"end":{"line":13,"column":null}},"11":{"start":{"line":15,"column":2},"end":{"line":17,"column":null}},"12":{"start":{"line":16,"column":4},"end":{"line":16,"column":30}},"13":{"start":{"line":20,"column":21},"end":{"line":20,"column":null}},"14":{"start":{"line":20,"column":8},"end":{"line":20,"column":null}},"15":{"start":{"line":21,"column":2},"end":{"line":23,"column":null}},"16":{"start":{"line":22,"column":4},"end":{"line":22,"column":60}},"17":{"start":{"line":26,"column":8},"end":{"line":26,"column":32}},"18":{"start":{"line":27,"column":2},"end":{"line":27,"column":77}},"19":{"start":{"line":30,"column":8},"end":{"line":35,"column":5}},"20":{"start":{"line":36,"column":2},"end":{"line":36,"column":21}},"21":{"start":{"line":39,"column":0},"end":{"line":49,"column":3}},"22":{"start":{"line":51,"column":0},"end":{"line":51,"column":28}}},"fnMap":{"0":{"name":"(anonymous_13)","decl":{"start":{"line":10,"column":15},"end":{"line":10,"column":22}},"loc":{"start":{"line":10,"column":69},"end":{"line":52,"column":null}}},"1":{"name":"(anonymous_14)","decl":{"start":{"line":10,"column":69},"end":{"line":10,"column":null}},"loc":{"start":{"line":10,"column":69},"end":{"line":52,"column":null}}}},"branchMap":{"0":{"loc":{"start":{"line":15,"column":2},"end":{"line":17,"column":null}},"type":"if","locations":[{"start":{"line":15,"column":2},"end":{"line":17,"column":null}},{"start":{"line":15,"column":2},"end":{"line":17,"column":null}}]},"1":{"loc":{"start":{"line":21,"column":2},"end":{"line":23,"column":null}},"type":"if","locations":[{"start":{"line":21,"column":2},"end":{"line":23,"column":null}},{"start":{"line":21,"column":2},"end":{"line":23,"column":null}}]}},"s":{"0":5,"1":5,"2":5,"3":5,"4":5,"5":5,"6":5,"7":10,"8":10,"9":10,"10":10,"11":10,"12":0,"13":10,"14":10,"15":10,"16":1,"17":9,"18":9,"19":9,"20":18,"21":9,"22":9},"f":{"0":10,"1":10},"b":{"0":[0,10],"1":[1,9]}}
,"/Users/ofoegbugoodnews/projects/node-projects/microservices/ticketing/orders/src/controllers/delete-order/index.ts": {"path":"/Users/ofoegbugoodnews/projects/node-projects/microservices/ticketing/orders/src/controllers/delete-order/index.ts","statementMap":{"0":{"start":{"line":1,"column":0},"end":{"line":1,"column":51}},"1":{"start":{"line":2,"column":0},"end":{"line":2,"column":92}},"2":{"start":{"line":3,"column":0},"end":{"line":3,"column":71}},"3":{"start":{"line":5,"column":0},"end":{"line":5,"column":56}},"4":{"start":{"line":7,"column":0},"end":{"line":34,"column":null}},"5":{"start":{"line":7,"column":69},"end":{"line":34,"column":null}},"6":{"start":{"line":9,"column":8},"end":{"line":9,"column":27}},"7":{"start":{"line":11,"column":16},"end":{"line":11,"column":null}},"8":{"start":{"line":11,"column":8},"end":{"line":11,"column":null}},"9":{"start":{"line":13,"column":2},"end":{"line":15,"column":null}},"10":{"start":{"line":14,"column":4},"end":{"line":14,"column":30}},"11":{"start":{"line":17,"column":2},"end":{"line":19,"column":null}},"12":{"start":{"line":18,"column":4},"end":{"line":18,"column":34}},"13":{"start":{"line":21,"column":2},"end":{"line":21,"column":39}},"14":{"start":{"line":22,"column":2},"end":{"line":22,"column":15}},"15":{"start":{"line":25,"column":2},"end":{"line":31,"column":5}},"16":{"start":{"line":33,"column":2},"end":{"line":33,"column":30}}},"fnMap":{"0":{"name":"(anonymous_13)","decl":{"start":{"line":7,"column":15},"end":{"line":7,"column":22}},"loc":{"start":{"line":7,"column":69},"end":{"line":34,"column":null}}},"1":{"name":"(anonymous_14)","decl":{"start":{"line":7,"column":69},"end":{"line":7,"column":null}},"loc":{"start":{"line":7,"column":69},"end":{"line":34,"column":null}}}},"branchMap":{"0":{"loc":{"start":{"line":13,"column":2},"end":{"line":15,"column":null}},"type":"if","locations":[{"start":{"line":13,"column":2},"end":{"line":15,"column":null}},{"start":{"line":13,"column":2},"end":{"line":15,"column":null}}]},"1":{"loc":{"start":{"line":17,"column":2},"end":{"line":19,"column":null}},"type":"if","locations":[{"start":{"line":17,"column":2},"end":{"line":19,"column":null}},{"start":{"line":17,"column":2},"end":{"line":19,"column":null}}]}},"s":{"0":5,"1":5,"2":5,"3":5,"4":5,"5":2,"6":2,"7":2,"8":2,"9":2,"10":0,"11":2,"12":0,"13":2,"14":2,"15":2,"16":2},"f":{"0":2,"1":2},"b":{"0":[0,2],"1":[0,2]}}
,"/Users/ofoegbugoodnews/projects/node-projects/microservices/ticketing/orders/src/controllers/fetch-order/index.ts": {"path":"/Users/ofoegbugoodnews/projects/node-projects/microservices/ticketing/orders/src/controllers/fetch-order/index.ts","statementMap":{"0":{"start":{"line":1,"column":0},"end":{"line":1,"column":71}},"1":{"start":{"line":3,"column":0},"end":{"line":3,"column":43}},"2":{"start":{"line":5,"column":0},"end":{"line":19,"column":null}},"3":{"start":{"line":5,"column":69},"end":{"line":19,"column":null}},"4":{"start":{"line":6,"column":8},"end":{"line":6,"column":27}},"5":{"start":{"line":8,"column":16},"end":{"line":8,"column":null}},"6":{"start":{"line":8,"column":8},"end":{"line":8,"column":null}},"7":{"start":{"line":10,"column":2},"end":{"line":12,"column":null}},"8":{"start":{"line":11,"column":4},"end":{"line":11,"column":30}},"9":{"start":{"line":14,"column":2},"end":{"line":16,"column":null}},"10":{"start":{"line":15,"column":4},"end":{"line":15,"column":34}},"11":{"start":{"line":18,"column":2},"end":{"line":18,"column":30}}},"fnMap":{"0":{"name":"(anonymous_13)","decl":{"start":{"line":5,"column":15},"end":{"line":5,"column":22}},"loc":{"start":{"line":5,"column":69},"end":{"line":19,"column":null}}},"1":{"name":"(anonymous_14)","decl":{"start":{"line":5,"column":69},"end":{"line":5,"column":null}},"loc":{"start":{"line":5,"column":69},"end":{"line":19,"column":null}}}},"branchMap":{"0":{"loc":{"start":{"line":10,"column":2},"end":{"line":12,"column":null}},"type":"if","locations":[{"start":{"line":10,"column":2},"end":{"line":12,"column":null}},{"start":{"line":10,"column":2},"end":{"line":12,"column":null}}]},"1":{"loc":{"start":{"line":14,"column":2},"end":{"line":16,"column":null}},"type":"if","locations":[{"start":{"line":14,"column":2},"end":{"line":16,"column":null}},{"start":{"line":14,"column":2},"end":{"line":16,"column":null}}]}},"s":{"0":5,"1":5,"2":5,"3":3,"4":3,"5":3,"6":3,"7":3,"8":1,"9":2,"10":1,"11":1},"f":{"0":3,"1":3},"b":{"0":[1,2],"1":[1,1]}}
,"/Users/ofoegbugoodnews/projects/node-projects/microservices/ticketing/orders/src/controllers/fetch-orders/index.ts": {"path":"/Users/ofoegbugoodnews/projects/node-projects/microservices/ticketing/orders/src/controllers/fetch-orders/index.ts","statementMap":{"0":{"start":{"line":2,"column":0},"end":{"line":2,"column":43}},"1":{"start":{"line":4,"column":0},"end":{"line":11,"column":null}},"2":{"start":{"line":4,"column":69},"end":{"line":11,"column":null}},"3":{"start":{"line":5,"column":17},"end":{"line":8,"column":null}},"4":{"start":{"line":5,"column":8},"end":{"line":8,"column":null}},"5":{"start":{"line":10,"column":2},"end":{"line":10,"column":31}}},"fnMap":{"0":{"name":"(anonymous_13)","decl":{"start":{"line":4,"column":15},"end":{"line":4,"column":22}},"loc":{"start":{"line":4,"column":69},"end":{"line":11,"column":null}}},"1":{"name":"(anonymous_14)","decl":{"start":{"line":4,"column":69},"end":{"line":4,"column":null}},"loc":{"start":{"line":4,"column":69},"end":{"line":11,"column":null}}}},"branchMap":{"0":{"loc":{"start":{"line":5,"column":17},"end":{"line":8,"column":null}},"type":"switch","locations":[{"start":{"line":5,"column":17},"end":{"line":8,"column":null}}]}},"s":{"0":5,"1":5,"2":1,"3":1,"4":1,"5":1},"f":{"0":1,"1":1},"b":{"0":[1]}}
,"/Users/ofoegbugoodnews/projects/node-projects/microservices/ticketing/orders/src/events/listeners/ExpirationCompleteListener.ts": {"path":"/Users/ofoegbugoodnews/projects/node-projects/microservices/ticketing/orders/src/events/listeners/ExpirationCompleteListener.ts","statementMap":{"0":{"start":{"line":1,"column":0},"end":{"line":1,"column":82}},"1":{"start":{"line":3,"column":0},"end":{"line":3,"column":52}},"2":{"start":{"line":4,"column":0},"end":{"line":4,"column":95}},"3":{"start":{"line":5,"column":0},"end":{"line":5,"column":43}},"4":{"start":{"line":7,"column":0},"end":{"line":7,"column":81}},"5":{"start":{"line":7,"column":48},"end":{"line":7,"column":56}},"6":{"start":{"line":7,"column":0},"end":{"line":7,"column":13}},"7":{"start":{"line":8,"column":11},"end":{"line":8,"column":49}},"8":{"start":{"line":9,"column":2},"end":{"line":9,"column":34}},"9":{"start":{"line":11,"column":8},"end":{"line":36,"column":null}},"10":{"start":{"line":12,"column":18},"end":{"line":12,"column":null}},"11":{"start":{"line":12,"column":10},"end":{"line":12,"column":null}},"12":{"start":{"line":14,"column":4},"end":{"line":16,"column":null}},"13":{"start":{"line":15,"column":6},"end":{"line":15,"column":null}},"14":{"start":{"line":18,"column":4},"end":{"line":20,"column":null}},"15":{"start":{"line":19,"column":6},"end":{"line":19,"column":23}},"16":{"start":{"line":22,"column":4},"end":{"line":24,"column":7}},"17":{"start":{"line":25,"column":4},"end":{"line":25,"column":23}},"18":{"start":{"line":27,"column":4},"end":{"line":33,"column":null}},"19":{"start":{"line":35,"column":4},"end":{"line":35,"column":14}},"20":{"start":{"line":37,"column":0},"end":{"line":37,"column":null}},"21":{"start":{"line":7,"column":13},"end":{"line":7,"column":39}}},"fnMap":{"0":{"name":"(anonymous_19)","decl":{"start":{"line":7,"column":0},"end":{"line":7,"column":13}},"loc":{"start":{"line":7,"column":0},"end":{"line":37,"column":null}}},"1":{"name":"(anonymous_21)","decl":{"start":{"line":11,"column":2},"end":{"line":11,"column":8}},"loc":{"start":{"line":11,"column":69},"end":{"line":36,"column":null}}}},"branchMap":{"0":{"loc":{"start":{"line":7,"column":0},"end":{"line":7,"column":13}},"type":"binary-expr","locations":[{"start":{"line":7,"column":0},"end":{"line":7,"column":13}},{"start":{"line":7,"column":0},"end":{"line":7,"column":13}},{"start":{"line":7,"column":0},"end":{"line":7,"column":13}}]},"1":{"loc":{"start":{"line":12,"column":18},"end":{"line":12,"column":null}},"type":"switch","locations":[{"start":{"line":12,"column":18},"end":{"line":12,"column":null}}]},"2":{"loc":{"start":{"line":14,"column":4},"end":{"line":16,"column":null}},"type":"if","locations":[{"start":{"line":14,"column":4},"end":{"line":16,"column":null}},{"start":{"line":14,"column":4},"end":{"line":16,"column":null}}]},"3":{"loc":{"start":{"line":18,"column":4},"end":{"line":20,"column":null}},"type":"if","locations":[{"start":{"line":18,"column":4},"end":{"line":20,"column":null}},{"start":{"line":18,"column":4},"end":{"line":20,"column":null}}]}},"s":{"0":1,"1":1,"2":1,"3":1,"4":1,"5":1,"6":3,"7":3,"8":3,"9":1,"10":3,"11":3,"12":3,"13":0,"14":3,"15":0,"16":3,"17":6,"18":6,"19":3,"20":1,"21":1},"f":{"0":4,"1":3},"b":{"0":[3,3,3],"1":[3],"2":[0,3],"3":[0,3]}}
,"/Users/ofoegbugoodnews/projects/node-projects/microservices/ticketing/orders/src/events/listeners/TicketCreatedListener.ts": {"path":"/Users/ofoegbugoodnews/projects/node-projects/microservices/ticketing/orders/src/events/listeners/TicketCreatedListener.ts","statementMap":{"0":{"start":{"line":1,"column":0},"end":{"line":1,"column":52}},"1":{"start":{"line":3,"column":0},"end":{"line":3,"column":77}},"2":{"start":{"line":4,"column":0},"end":{"line":4,"column":45}},"3":{"start":{"line":6,"column":0},"end":{"line":6,"column":71}},"4":{"start":{"line":6,"column":43},"end":{"line":6,"column":51}},"5":{"start":{"line":6,"column":0},"end":{"line":6,"column":13}},"6":{"start":{"line":7,"column":11},"end":{"line":7,"column":44}},"7":{"start":{"line":8,"column":2},"end":{"line":8,"column":34}},"8":{"start":{"line":10,"column":8},"end":{"line":19,"column":null}},"9":{"start":{"line":12,"column":11},"end":{"line":12,"column":31}},"10":{"start":{"line":14,"column":10},"end":{"line":14,"column":54}},"11":{"start":{"line":16,"column":4},"end":{"line":16,"column":24}},"12":{"start":{"line":18,"column":4},"end":{"line":18,"column":14}},"13":{"start":{"line":20,"column":0},"end":{"line":20,"column":null}},"14":{"start":{"line":6,"column":13},"end":{"line":6,"column":34}}},"fnMap":{"0":{"name":"(anonymous_19)","decl":{"start":{"line":6,"column":0},"end":{"line":6,"column":13}},"loc":{"start":{"line":6,"column":0},"end":{"line":20,"column":null}}},"1":{"name":"(anonymous_21)","decl":{"start":{"line":10,"column":2},"end":{"line":10,"column":8}},"loc":{"start":{"line":10,"column":64},"end":{"line":19,"column":null}}}},"branchMap":{"0":{"loc":{"start":{"line":6,"column":0},"end":{"line":6,"column":13}},"type":"binary-expr","locations":[{"start":{"line":6,"column":0},"end":{"line":6,"column":13}},{"start":{"line":6,"column":0},"end":{"line":6,"column":13}},{"start":{"line":6,"column":0},"end":{"line":6,"column":13}}]}},"s":{"0":1,"1":1,"2":1,"3":1,"4":1,"5":2,"6":2,"7":2,"8":1,"9":2,"10":2,"11":4,"12":2,"13":1,"14":1},"f":{"0":3,"1":2},"b":{"0":[2,2,2]}}
,"/Users/ofoegbugoodnews/projects/node-projects/microservices/ticketing/orders/src/events/listeners/TicketUpdatedListener.ts": {"path":"/Users/ofoegbugoodnews/projects/node-projects/microservices/ticketing/orders/src/events/listeners/TicketUpdatedListener.ts","statementMap":{"0":{"start":{"line":1,"column":0},"end":{"line":1,"column":52}},"1":{"start":{"line":3,"column":0},"end":{"line":3,"column":77}},"2":{"start":{"line":4,"column":0},"end":{"line":4,"column":45}},"3":{"start":{"line":6,"column":0},"end":{"line":6,"column":71}},"4":{"start":{"line":6,"column":43},"end":{"line":6,"column":51}},"5":{"start":{"line":6,"column":0},"end":{"line":6,"column":13}},"6":{"start":{"line":7,"column":11},"end":{"line":7,"column":44}},"7":{"start":{"line":8,"column":2},"end":{"line":8,"column":34}},"8":{"start":{"line":10,"column":8},"end":{"line":25,"column":null}},"9":{"start":{"line":12,"column":11},"end":{"line":12,"column":27}},"10":{"start":{"line":15,"column":19},"end":{"line":15,"column":null}},"11":{"start":{"line":15,"column":10},"end":{"line":15,"column":null}},"12":{"start":{"line":17,"column":4},"end":{"line":19,"column":null}},"13":{"start":{"line":18,"column":6},"end":{"line":18,"column":42}},"14":{"start":{"line":21,"column":4},"end":{"line":21,"column":31}},"15":{"start":{"line":22,"column":4},"end":{"line":22,"column":24}},"16":{"start":{"line":24,"column":4},"end":{"line":24,"column":14}},"17":{"start":{"line":26,"column":0},"end":{"line":26,"column":null}},"18":{"start":{"line":6,"column":13},"end":{"line":6,"column":34}}},"fnMap":{"0":{"name":"(anonymous_19)","decl":{"start":{"line":6,"column":0},"end":{"line":6,"column":13}},"loc":{"start":{"line":6,"column":0},"end":{"line":26,"column":null}}},"1":{"name":"(anonymous_21)","decl":{"start":{"line":10,"column":2},"end":{"line":10,"column":8}},"loc":{"start":{"line":10,"column":64},"end":{"line":25,"column":null}}}},"branchMap":{"0":{"loc":{"start":{"line":6,"column":0},"end":{"line":6,"column":13}},"type":"binary-expr","locations":[{"start":{"line":6,"column":0},"end":{"line":6,"column":13}},{"start":{"line":6,"column":0},"end":{"line":6,"column":13}},{"start":{"line":6,"column":0},"end":{"line":6,"column":13}}]},"1":{"loc":{"start":{"line":17,"column":4},"end":{"line":19,"column":null}},"type":"if","locations":[{"start":{"line":17,"column":4},"end":{"line":19,"column":null}},{"start":{"line":17,"column":4},"end":{"line":19,"column":null}}]}},"s":{"0":1,"1":1,"2":1,"3":1,"4":1,"5":3,"6":3,"7":3,"8":1,"9":3,"10":3,"11":3,"12":3,"13":1,"14":2,"15":4,"16":2,"17":1,"18":1},"f":{"0":4,"1":3},"b":{"0":[3,3,3],"1":[1,2]}}
,"/Users/ofoegbugoodnews/projects/node-projects/microservices/ticketing/orders/src/events/listeners/queue-group-name.ts": {"path":"/Users/ofoegbugoodnews/projects/node-projects/microservices/ticketing/orders/src/events/listeners/queue-group-name.ts","statementMap":{"0":{"start":{"line":1,"column":13},"end":{"line":1,"column":46}}},"fnMap":{},"branchMap":{},"s":{"0":3},"f":{},"b":{}}
,"/Users/ofoegbugoodnews/projects/node-projects/microservices/ticketing/orders/src/events/publishers/OrderCancelledPublisher.ts": {"path":"/Users/ofoegbugoodnews/projects/node-projects/microservices/ticketing/orders/src/events/publishers/OrderCancelledPublisher.ts","statementMap":{"0":{"start":{"line":1,"column":0},"end":{"line":1,"column":78}},"1":{"start":{"line":3,"column":0},"end":{"line":3,"column":75}},"2":{"start":{"line":3,"column":45},"end":{"line":3,"column":54}},"3":{"start":{"line":3,"column":0},"end":{"line":3,"column":13}},"4":{"start":{"line":4,"column":11},"end":{"line":4,"column":45}},"5":{"start":{"line":5,"column":0},"end":{"line":5,"column":null}},"6":{"start":{"line":3,"column":13},"end":{"line":3,"column":36}}},"fnMap":{"0":{"name":"(anonymous_6)","decl":{"start":{"line":3,"column":0},"end":{"line":3,"column":13}},"loc":{"start":{"line":3,"column":0},"end":{"line":5,"column":null}}}},"branchMap":{"0":{"loc":{"start":{"line":3,"column":0},"end":{"line":3,"column":13}},"type":"binary-expr","locations":[{"start":{"line":3,"column":0},"end":{"line":3,"column":13}},{"start":{"line":3,"column":0},"end":{"line":3,"column":13}},{"start":{"line":3,"column":0},"end":{"line":3,"column":13}}]}},"s":{"0":6,"1":6,"2":6,"3":5,"4":5,"5":6,"6":6},"f":{"0":11},"b":{"0":[5,5,5]}}
,"/Users/ofoegbugoodnews/projects/node-projects/microservices/ticketing/orders/src/events/publishers/OrderCreatedPublisher.ts": {"path":"/Users/ofoegbugoodnews/projects/node-projects/microservices/ticketing/orders/src/events/publishers/OrderCreatedPublisher.ts","statementMap":{"0":{"start":{"line":1,"column":0},"end":{"line":1,"column":76}},"1":{"start":{"line":3,"column":0},"end":{"line":3,"column":71}},"2":{"start":{"line":3,"column":43},"end":{"line":3,"column":52}},"3":{"start":{"line":3,"column":0},"end":{"line":3,"column":13}},"4":{"start":{"line":4,"column":11},"end":{"line":4,"column":43}},"5":{"start":{"line":5,"column":0},"end":{"line":5,"column":null}},"6":{"start":{"line":3,"column":13},"end":{"line":3,"column":34}}},"fnMap":{"0":{"name":"(anonymous_6)","decl":{"start":{"line":3,"column":0},"end":{"line":3,"column":13}},"loc":{"start":{"line":3,"column":0},"end":{"line":5,"column":null}}}},"branchMap":{"0":{"loc":{"start":{"line":3,"column":0},"end":{"line":3,"column":13}},"type":"binary-expr","locations":[{"start":{"line":3,"column":0},"end":{"line":3,"column":13}},{"start":{"line":3,"column":0},"end":{"line":3,"column":13}},{"start":{"line":3,"column":0},"end":{"line":3,"column":13}}]}},"s":{"0":5,"1":5,"2":5,"3":9,"4":9,"5":5,"6":5},"f":{"0":14},"b":{"0":[9,9,9]}}
,"/Users/ofoegbugoodnews/projects/node-projects/microservices/ticketing/orders/src/models/order.ts": {"path":"/Users/ofoegbugoodnews/projects/node-projects/microservices/ticketing/orders/src/models/order.ts","statementMap":{"0":{"start":{"line":1,"column":0},"end":{"line":1,"column":32}},"1":{"start":{"line":2,"column":0},"end":{"line":2,"column":9}},"2":{"start":{"line":6,"column":9},"end":{"line":2,"column":50}},"3":{"start":{"line":3,"column":0},"end":{"line":3,"column":67}},"4":{"start":{"line":29,"column":20},"end":{"line":55,"column":2}},"5":{"start":{"line":51,"column":6},"end":{"line":51,"column":23}},"6":{"start":{"line":52,"column":6},"end":{"line":52,"column":21}},"7":{"start":{"line":57,"column":0},"end":{"line":57,"column":41}},"8":{"start":{"line":58,"column":0},"end":{"line":58,"column":42}},"9":{"start":{"line":60,"column":0},"end":{"line":62,"column":null}},"10":{"start":{"line":61,"column":2},"end":{"line":61,"column":26}},"11":{"start":{"line":64,"column":14},"end":{"line":64,"column":72}},"12":{"start":{"line":66,"column":9},"end":{"line":66,"column":14}}},"fnMap":{"0":{"name":"(anonymous_1)","decl":{"start":{"line":6,"column":9},"end":{"line":6,"column":20}},"loc":{"start":{"line":6,"column":9},"end":{"line":2,"column":50}}},"1":{"name":"(anonymous_2)","decl":{"start":{"line":50,"column":13},"end":{"line":50,"column":14}},"loc":{"start":{"line":50,"column":22},"end":{"line":53,"column":5}}},"2":{"name":"(anonymous_3)","decl":{"start":{"line":60,"column":28},"end":{"line":60,"column":29}},"loc":{"start":{"line":60,"column":46},"end":{"line":62,"column":1}}}},"branchMap":{},"s":{"0":8,"1":8,"2":46,"3":8,"4":8,"5":14,"6":14,"7":8,"8":8,"9":8,"10":13,"11":8,"12":8},"f":{"0":38,"1":14,"2":13},"b":{}}
,"/Users/ofoegbugoodnews/projects/node-projects/microservices/ticketing/orders/src/models/ticket.ts": {"path":"/Users/ofoegbugoodnews/projects/node-projects/microservices/ticketing/orders/src/models/ticket.ts","statementMap":{"0":{"start":{"line":1,"column":0},"end":{"line":1,"column":32}},"1":{"start":{"line":2,"column":0},"end":{"line":2,"column":67}},"2":{"start":{"line":4,"column":0},"end":{"line":4,"column":45}},"3":{"start":{"line":26,"column":21},"end":{"line":45,"column":2}},"4":{"start":{"line":40,"column":6},"end":{"line":40,"column":23}},"5":{"start":{"line":41,"column":6},"end":{"line":41,"column":21}},"6":{"start":{"line":42,"column":6},"end":{"line":42,"column":21}},"7":{"start":{"line":47,"column":0},"end":{"line":47,"column":42}},"8":{"start":{"line":48,"column":0},"end":{"line":48,"column":43}},"9":{"start":{"line":50,"column":0},"end":{"line":55,"column":2}},"10":{"start":{"line":51,"column":2},"end":{"line":54,"column":5}},"11":{"start":{"line":57,"column":0},"end":{"line":63,"column":2}},"12":{"start":{"line":58,"column":2},"end":{"line":62,"column":5}},"13":{"start":{"line":65,"column":0},"end":{"line":78,"column":null}},"14":{"start":{"line":66,"column":24},"end":{"line":75,"column":null}},"15":{"start":{"line":66,"column":8},"end":{"line":75,"column":null}},"16":{"start":{"line":77,"column":2},"end":{"line":77,"column":25}},"17":{"start":{"line":80,"column":15},"end":{"line":80,"column":77}},"18":{"start":{"line":82,"column":9},"end":{"line":82,"column":15}}},"fnMap":{"0":{"name":"(anonymous_14)","decl":{"start":{"line":39,"column":13},"end":{"line":39,"column":14}},"loc":{"start":{"line":39,"column":22},"end":{"line":43,"column":5}}},"1":{"name":"(anonymous_15)","decl":{"start":{"line":50,"column":35},"end":{"line":50,"column":36}},"loc":{"start":{"line":50,"column":72},"end":{"line":55,"column":1}}},"2":{"name":"(anonymous_16)","decl":{"start":{"line":57,"column":29},"end":{"line":57,"column":30}},"loc":{"start":{"line":57,"column":48},"end":{"line":63,"column":1}}},"3":{"name":"(anonymous_17)","decl":{"start":{"line":65,"column":34},"end":{"line":65,"column":null}},"loc":{"start":{"line":65,"column":34},"end":{"line":78,"column":null}}}},"branchMap":{"0":{"loc":{"start":{"line":66,"column":24},"end":{"line":75,"column":null}},"type":"switch","locations":[{"start":{"line":66,"column":24},"end":{"line":75,"column":null}}]}},"s":{"0":8,"1":8,"2":8,"3":8,"4":14,"5":14,"6":14,"7":8,"8":8,"9":8,"10":3,"11":8,"12":18,"13":8,"14":10,"15":10,"16":10,"17":8,"18":8},"f":{"0":14,"1":3,"2":18,"3":10},"b":{"0":[10]}}
,"/Users/ofoegbugoodnews/projects/node-projects/microservices/ticketing/orders/src/routes/create-order/index.ts": {"path":"/Users/ofoegbugoodnews/projects/node-projects/microservices/ticketing/orders/src/routes/create-order/index.ts","statementMap":{"0":{"start":{"line":1,"column":0},"end":{"line":1,"column":32}},"1":{"start":{"line":2,"column":0},"end":{"line":2,"column":30}},"2":{"start":{"line":3,"column":0},"end":{"line":3,"column":41}},"3":{"start":{"line":4,"column":0},"end":{"line":4,"column":66}},"4":{"start":{"line":5,"column":0},"end":{"line":5,"column":67}},"5":{"start":{"line":7,"column":15},"end":{"line":7,"column":31}},"6":{"start":{"line":17,"column":18},"end":{"line":17,"column":35}},"7":{"start":{"line":9,"column":0},"end":{"line":15,"column":43}},"8":{"start":{"line":13,"column":23},"end":{"line":13,"column":62}}},"fnMap":{"0":{"name":"(anonymous_1)","decl":{"start":{"line":13,"column":12},"end":{"line":13,"column":13}},"loc":{"start":{"line":13,"column":18},"end":{"line":13,"column":31}}}},"branchMap":{},"s":{"0":5,"1":5,"2":5,"3":5,"4":5,"5":5,"6":5,"7":5,"8":14},"f":{"0":14},"b":{}}
,"/Users/ofoegbugoodnews/projects/node-projects/microservices/ticketing/orders/src/routes/delete-order/index.ts": {"path":"/Users/ofoegbugoodnews/projects/node-projects/microservices/ticketing/orders/src/routes/delete-order/index.ts","statementMap":{"0":{"start":{"line":1,"column":0},"end":{"line":1,"column":31}},"1":{"start":{"line":2,"column":0},"end":{"line":2,"column":67}},"2":{"start":{"line":3,"column":0},"end":{"line":3,"column":67}},"3":{"start":{"line":5,"column":15},"end":{"line":5,"column":31}},"4":{"start":{"line":9,"column":18},"end":{"line":9,"column":35}},"5":{"start":{"line":7,"column":0},"end":{"line":7,"column":86}}},"fnMap":{},"branchMap":{},"s":{"0":5,"1":5,"2":5,"3":5,"4":5,"5":5},"f":{},"b":{}}
,"/Users/ofoegbugoodnews/projects/node-projects/microservices/ticketing/orders/src/routes/fetch-order/index.ts": {"path":"/Users/ofoegbugoodnews/projects/node-projects/microservices/ticketing/orders/src/routes/fetch-order/index.ts","statementMap":{"0":{"start":{"line":1,"column":0},"end":{"line":1,"column":31}},"1":{"start":{"line":2,"column":0},"end":{"line":2,"column":67}},"2":{"start":{"line":3,"column":0},"end":{"line":3,"column":65}},"3":{"start":{"line":5,"column":15},"end":{"line":5,"column":31}},"4":{"start":{"line":9,"column":18},"end":{"line":9,"column":34}},"5":{"start":{"line":7,"column":0},"end":{"line":7,"column":82}}},"fnMap":{},"branchMap":{},"s":{"0":5,"1":5,"2":5,"3":5,"4":5,"5":5},"f":{},"b":{}}
,"/Users/ofoegbugoodnews/projects/node-projects/microservices/ticketing/orders/src/routes/fetch-orders/index.ts": {"path":"/Users/ofoegbugoodnews/projects/node-projects/microservices/ticketing/orders/src/routes/fetch-orders/index.ts","statementMap":{"0":{"start":{"line":1,"column":0},"end":{"line":1,"column":31}},"1":{"start":{"line":2,"column":0},"end":{"line":2,"column":50}},"2":{"start":{"line":3,"column":0},"end":{"line":3,"column":67}},"3":{"start":{"line":5,"column":15},"end":{"line":5,"column":31}},"4":{"start":{"line":9,"column":18},"end":{"line":9,"column":35}},"5":{"start":{"line":7,"column":0},"end":{"line":7,"column":62}}},"fnMap":{},"branchMap":{},"s":{"0":5,"1":5,"2":5,"3":5,"4":5,"5":5},"f":{},"b":{}}
}
