TN:
SF:src/app.ts
FN:30,(anonymous_14)
FNF:1
FNH:1
FNDA:2,(anonymous_14)
DA:1,5
DA:2,5
DA:3,5
DA:4,5
DA:6,5
DA:7,5
DA:8,5
DA:9,5
DA:10,5
DA:12,5
DA:13,5
DA:15,5
DA:17,5
DA:24,5
DA:25,5
DA:26,5
DA:27,5
DA:28,5
DA:30,5
DA:31,1
DA:34,5
DA:36,5
LF:22
LH:22
BRF:0
BRH:0
end_of_record
TN:
SF:src/controllers/create-order/index.ts
FN:10,(anonymous_13)
FN:10,(anonymous_14)
FNF:2
FNH:2
FNDA:10,(anonymous_13)
FNDA:10,(anonymous_14)
DA:1,5
DA:2,5
DA:3,5
DA:5,5
DA:6,5
DA:8,5
DA:10,10
DA:11,10
DA:13,10
DA:15,10
DA:16,0
DA:20,10
DA:21,10
DA:22,1
DA:26,9
DA:27,9
DA:30,9
DA:36,18
DA:39,9
DA:51,9
LF:20
LH:19
BRDA:15,0,0,0
BRDA:15,0,1,10
BRDA:21,1,0,1
BRDA:21,1,1,9
BRF:4
BRH:3
end_of_record
TN:
SF:src/controllers/delete-order/index.ts
FN:7,(anonymous_13)
FN:7,(anonymous_14)
FNF:2
FNH:2
FNDA:2,(anonymous_13)
FNDA:2,(anonymous_14)
DA:1,5
DA:2,5
DA:3,5
DA:5,5
DA:7,5
DA:9,2
DA:11,2
DA:13,2
DA:14,0
DA:17,2
DA:18,0
DA:21,2
DA:22,2
DA:25,2
DA:33,2
LF:15
LH:13
BRDA:13,0,0,0
BRDA:13,0,1,2
BRDA:17,1,0,0
BRDA:17,1,1,2
BRF:4
BRH:2
end_of_record
TN:
SF:src/controllers/fetch-order/index.ts
FN:5,(anonymous_13)
FN:5,(anonymous_14)
FNF:2
FNH:2
FNDA:3,(anonymous_13)
FNDA:3,(anonymous_14)
DA:1,5
DA:3,5
DA:5,5
DA:6,3
DA:8,3
DA:10,3
DA:11,1
DA:14,2
DA:15,1
DA:18,1
LF:10
LH:10
BRDA:10,0,0,1
BRDA:10,0,1,2
BRDA:14,1,0,1
BRDA:14,1,1,1
BRF:4
BRH:4
end_of_record
TN:
SF:src/controllers/fetch-orders/index.ts
FN:4,(anonymous_13)
FN:4,(anonymous_14)
FNF:2
FNH:2
FNDA:1,(anonymous_13)
FNDA:1,(anonymous_14)
DA:2,5
DA:4,5
DA:5,1
DA:10,1
LF:4
LH:4
BRDA:5,0,0,1
BRF:1
BRH:1
end_of_record
TN:
SF:src/events/listeners/ExpirationCompleteListener.ts
FN:7,(anonymous_19)
FN:11,(anonymous_21)
FNF:2
FNH:2
FNDA:4,(anonymous_19)
FNDA:3,(anonymous_21)
DA:1,1
DA:3,1
DA:4,1
DA:5,1
DA:7,3
DA:8,3
DA:9,3
DA:11,1
DA:12,3
DA:14,3
DA:15,0
DA:18,3
DA:19,0
DA:22,3
DA:25,6
DA:27,6
DA:35,3
DA:37,1
LF:18
LH:16
BRDA:7,0,0,3
BRDA:7,0,1,3
BRDA:7,0,2,3
BRDA:12,1,0,3
BRDA:14,2,0,0
BRDA:14,2,1,3
BRDA:18,3,0,0
BRDA:18,3,1,3
BRF:8
BRH:6
end_of_record
TN:
SF:src/events/listeners/TicketCreatedListener.ts
FN:6,(anonymous_19)
FN:10,(anonymous_21)
FNF:2
FNH:2
FNDA:3,(anonymous_19)
FNDA:2,(anonymous_21)
DA:1,1
DA:3,1
DA:4,1
DA:6,2
DA:7,2
DA:8,2
DA:10,1
DA:12,2
DA:14,2
DA:16,4
DA:18,2
DA:20,1
LF:12
LH:12
BRDA:6,0,0,2
BRDA:6,0,1,2
BRDA:6,0,2,2
BRF:3
BRH:3
end_of_record
TN:
SF:src/events/listeners/TicketUpdatedListener.ts
FN:6,(anonymous_19)
FN:10,(anonymous_21)
FNF:2
FNH:2
FNDA:4,(anonymous_19)
FNDA:3,(anonymous_21)
DA:1,1
DA:3,1
DA:4,1
DA:6,3
DA:7,3
DA:8,3
DA:10,1
DA:12,3
DA:15,3
DA:17,3
DA:18,1
DA:21,2
DA:22,4
DA:24,2
DA:26,1
LF:15
LH:15
BRDA:6,0,0,3
BRDA:6,0,1,3
BRDA:6,0,2,3
BRDA:17,1,0,1
BRDA:17,1,1,2
BRF:5
BRH:5
end_of_record
TN:
SF:src/events/listeners/queue-group-name.ts
FNF:0
FNH:0
DA:1,3
LF:1
LH:1
BRF:0
BRH:0
end_of_record
TN:
SF:src/events/publishers/OrderCancelledPublisher.ts
FN:3,(anonymous_6)
FNF:1
FNH:1
FNDA:11,(anonymous_6)
DA:1,6
DA:3,6
DA:4,5
DA:5,6
LF:4
LH:4
BRDA:3,0,0,5
BRDA:3,0,1,5
BRDA:3,0,2,5
BRF:3
BRH:3
end_of_record
TN:
SF:src/events/publishers/OrderCreatedPublisher.ts
FN:3,(anonymous_6)
FNF:1
FNH:1
FNDA:14,(anonymous_6)
DA:1,5
DA:3,9
DA:4,9
DA:5,5
LF:4
LH:4
BRDA:3,0,0,9
BRDA:3,0,1,9
BRDA:3,0,2,9
BRF:3
BRH:3
end_of_record
TN:
SF:src/models/order.ts
FN:6,(anonymous_1)
FN:50,(anonymous_2)
FN:60,(anonymous_3)
FNF:3
FNH:3
FNDA:38,(anonymous_1)
FNDA:14,(anonymous_2)
FNDA:13,(anonymous_3)
DA:1,8
DA:2,8
DA:3,8
DA:6,46
DA:29,8
DA:51,14
DA:52,14
DA:57,8
DA:58,8
DA:60,8
DA:61,13
DA:64,8
DA:66,8
LF:13
LH:13
BRF:0
BRH:0
end_of_record
TN:
SF:src/models/ticket.ts
FN:39,(anonymous_14)
FN:50,(anonymous_15)
FN:57,(anonymous_16)
FN:65,(anonymous_17)
FNF:4
FNH:4
FNDA:14,(anonymous_14)
FNDA:3,(anonymous_15)
FNDA:18,(anonymous_16)
FNDA:10,(anonymous_17)
DA:1,8
DA:2,8
DA:4,8
DA:26,8
DA:40,14
DA:41,14
DA:42,14
DA:47,8
DA:48,8
DA:50,8
DA:51,3
DA:57,8
DA:58,18
DA:65,8
DA:66,10
DA:77,10
DA:80,8
DA:82,8
LF:18
LH:18
BRDA:66,0,0,10
BRF:1
BRH:1
end_of_record
TN:
SF:src/routes/create-order/index.ts
FN:13,(anonymous_1)
FNF:1
FNH:1
FNDA:14,(anonymous_1)
DA:1,5
DA:2,5
DA:3,5
DA:4,5
DA:5,5
DA:7,5
DA:9,5
DA:13,14
DA:17,5
LF:9
LH:9
BRF:0
BRH:0
end_of_record
TN:
SF:src/routes/delete-order/index.ts
FNF:0
FNH:0
DA:1,5
DA:2,5
DA:3,5
DA:5,5
DA:7,5
DA:9,5
LF:6
LH:6
BRF:0
BRH:0
end_of_record
TN:
SF:src/routes/fetch-order/index.ts
FNF:0
FNH:0
DA:1,5
DA:2,5
DA:3,5
DA:5,5
DA:7,5
DA:9,5
LF:6
LH:6
BRF:0
BRH:0
end_of_record
TN:
SF:src/routes/fetch-orders/index.ts
FNF:0
FNH:0
DA:1,5
DA:2,5
DA:3,5
DA:5,5
DA:7,5
DA:9,5
LF:6
LH:6
BRF:0
BRH:0
end_of_record
