{"/Users/ofoegbugoodnews/projects/node-projects/microservices/ticketing/tickets/src/app.ts": {"path":"/Users/ofoegbugoodnews/projects/node-projects/microservices/ticketing/tickets/src/app.ts","statementMap":{"0":{"start":{"line":1,"column":0},"end":{"line":1,"column":30}},"1":{"start":{"line":2,"column":0},"end":{"line":2,"column":30}},"2":{"start":{"line":3,"column":0},"end":{"line":3,"column":43}},"3":{"start":{"line":4,"column":0},"end":{"line":4,"column":35}},"4":{"start":{"line":6,"column":0},"end":{"line":6,"column":60}},"5":{"start":{"line":7,"column":0},"end":{"line":7,"column":79}},"6":{"start":{"line":8,"column":0},"end":{"line":8,"column":60}},"7":{"start":{"line":9,"column":0},"end":{"line":9,"column":58}},"8":{"start":{"line":10,"column":0},"end":{"line":10,"column":60}},"9":{"start":{"line":12,"column":12},"end":{"line":12,"column":21}},"10":{"start":{"line":36,"column":9},"end":{"line":36,"column":12}},"11":{"start":{"line":13,"column":0},"end":{"line":13,"column":29}},"12":{"start":{"line":15,"column":0},"end":{"line":15,"column":16}},"13":{"start":{"line":17,"column":0},"end":{"line":22,"column":2}},"14":{"start":{"line":24,"column":0},"end":{"line":24,"column":21}},"15":{"start":{"line":25,"column":0},"end":{"line":25,"column":28}},"16":{"start":{"line":26,"column":0},"end":{"line":26,"column":28}},"17":{"start":{"line":27,"column":0},"end":{"line":27,"column":27}},"18":{"start":{"line":28,"column":0},"end":{"line":28,"column":28}},"19":{"start":{"line":30,"column":0},"end":{"line":32,"column":3}},"20":{"start":{"line":30,"column":13},"end":{"line":32,"column":2}},"21":{"start":{"line":31,"column":2},"end":{"line":31,"column":28}},"22":{"start":{"line":34,"column":0},"end":{"line":34,"column":22}}},"fnMap":{"0":{"name":"(anonymous_14)","decl":{"start":{"line":30,"column":13},"end":{"line":30,"column":null}},"loc":{"start":{"line":30,"column":13},"end":{"line":32,"column":2}}}},"branchMap":{},"s":{"0":5,"1":5,"2":5,"3":5,"4":5,"5":5,"6":5,"7":5,"8":5,"9":5,"10":5,"11":5,"12":5,"13":5,"14":5,"15":5,"16":5,"17":5,"18":5,"19":5,"20":1,"21":1,"22":5},"f":{"0":2},"b":{}}
,"/Users/ofoegbugoodnews/projects/node-projects/microservices/ticketing/tickets/src/controllers/create-ticket/index.ts": {"path":"/Users/ofoegbugoodnews/projects/node-projects/microservices/ticketing/tickets/src/controllers/create-ticket/index.ts","statementMap":{"0":{"start":{"line":1,"column":0},"end":{"line":1,"column":49}},"1":{"start":{"line":4,"column":0},"end":{"line":4,"column":46}},"2":{"start":{"line":5,"column":0},"end":{"line":5,"column":88}},"3":{"start":{"line":7,"column":0},"end":{"line":24,"column":null}},"4":{"start":{"line":7,"column":69},"end":{"line":24,"column":null}},"5":{"start":{"line":9,"column":10},"end":{"line":9,"column":27}},"6":{"start":{"line":11,"column":10},"end":{"line":11,"column":79}},"7":{"start":{"line":12,"column":4},"end":{"line":12,"column":24}},"8":{"start":{"line":15,"column":4},"end":{"line":21,"column":7}},"9":{"start":{"line":23,"column":4},"end":{"line":23,"column":33}}},"fnMap":{"0":{"name":"(anonymous_13)","decl":{"start":{"line":7,"column":15},"end":{"line":7,"column":22}},"loc":{"start":{"line":7,"column":69},"end":{"line":24,"column":null}}},"1":{"name":"(anonymous_14)","decl":{"start":{"line":7,"column":69},"end":{"line":7,"column":null}},"loc":{"start":{"line":7,"column":69},"end":{"line":24,"column":null}}}},"branchMap":{},"s":{"0":5,"1":5,"2":5,"3":5,"4":14,"5":14,"6":14,"7":28,"8":28,"9":14},"f":{"0":14,"1":14},"b":{}}
,"/Users/ofoegbugoodnews/projects/node-projects/microservices/ticketing/tickets/src/controllers/fetch-ticket/index.ts": {"path":"/Users/ofoegbugoodnews/projects/node-projects/microservices/ticketing/tickets/src/controllers/fetch-ticket/index.ts","statementMap":{"0":{"start":{"line":1,"column":0},"end":{"line":1,"column":69}},"1":{"start":{"line":3,"column":0},"end":{"line":3,"column":46}},"2":{"start":{"line":5,"column":0},"end":{"line":14,"column":null}},"3":{"start":{"line":5,"column":69},"end":{"line":14,"column":null}},"4":{"start":{"line":6,"column":10},"end":{"line":6,"column":29}},"5":{"start":{"line":7,"column":19},"end":{"line":7,"column":null}},"6":{"start":{"line":7,"column":10},"end":{"line":7,"column":null}},"7":{"start":{"line":9,"column":4},"end":{"line":11,"column":null}},"8":{"start":{"line":10,"column":6},"end":{"line":10,"column":32}},"9":{"start":{"line":13,"column":2},"end":{"line":13,"column":31}}},"fnMap":{"0":{"name":"(anonymous_13)","decl":{"start":{"line":5,"column":15},"end":{"line":5,"column":22}},"loc":{"start":{"line":5,"column":69},"end":{"line":14,"column":null}}},"1":{"name":"(anonymous_14)","decl":{"start":{"line":5,"column":69},"end":{"line":5,"column":null}},"loc":{"start":{"line":5,"column":69},"end":{"line":14,"column":null}}}},"branchMap":{"0":{"loc":{"start":{"line":9,"column":4},"end":{"line":11,"column":null}},"type":"if","locations":[{"start":{"line":9,"column":4},"end":{"line":11,"column":null}},{"start":{"line":9,"column":4},"end":{"line":11,"column":null}}]}},"s":{"0":5,"1":5,"2":5,"3":3,"4":3,"5":3,"6":3,"7":3,"8":1,"9":2},"f":{"0":3,"1":3},"b":{"0":[1,2]}}
,"/Users/ofoegbugoodnews/projects/node-projects/microservices/ticketing/tickets/src/controllers/fetch-tickets/index.ts": {"path":"/Users/ofoegbugoodnews/projects/node-projects/microservices/ticketing/tickets/src/controllers/fetch-tickets/index.ts","statementMap":{"0":{"start":{"line":3,"column":0},"end":{"line":3,"column":46}},"1":{"start":{"line":5,"column":0},"end":{"line":9,"column":null}},"2":{"start":{"line":5,"column":69},"end":{"line":9,"column":null}},"3":{"start":{"line":6,"column":17},"end":{"line":6,"column":null}},"4":{"start":{"line":6,"column":8},"end":{"line":6,"column":null}},"5":{"start":{"line":8,"column":2},"end":{"line":8,"column":31}}},"fnMap":{"0":{"name":"(anonymous_13)","decl":{"start":{"line":5,"column":15},"end":{"line":5,"column":22}},"loc":{"start":{"line":5,"column":69},"end":{"line":9,"column":null}}},"1":{"name":"(anonymous_14)","decl":{"start":{"line":5,"column":69},"end":{"line":5,"column":null}},"loc":{"start":{"line":5,"column":69},"end":{"line":9,"column":null}}}},"branchMap":{"0":{"loc":{"start":{"line":6,"column":17},"end":{"line":6,"column":null}},"type":"switch","locations":[{"start":{"line":6,"column":17},"end":{"line":6,"column":null}}]}},"s":{"0":5,"1":5,"2":1,"3":1,"4":1,"5":1},"f":{"0":1,"1":1},"b":{"0":[1]}}
,"/Users/ofoegbugoodnews/projects/node-projects/microservices/ticketing/tickets/src/controllers/update-ticket/index.ts": {"path":"/Users/ofoegbugoodnews/projects/node-projects/microservices/ticketing/tickets/src/controllers/update-ticket/index.ts","statementMap":{"0":{"start":{"line":1,"column":0},"end":{"line":1,"column":49}},"1":{"start":{"line":2,"column":0},"end":{"line":2,"column":88}},"2":{"start":{"line":4,"column":0},"end":{"line":4,"column":46}},"3":{"start":{"line":5,"column":0},"end":{"line":5,"column":88}},"4":{"start":{"line":7,"column":0},"end":{"line":39,"column":null}},"5":{"start":{"line":7,"column":69},"end":{"line":39,"column":null}},"6":{"start":{"line":8,"column":8},"end":{"line":8,"column":25}},"7":{"start":{"line":9,"column":8},"end":{"line":9,"column":27}},"8":{"start":{"line":11,"column":17},"end":{"line":11,"column":null}},"9":{"start":{"line":11,"column":8},"end":{"line":11,"column":null}},"10":{"start":{"line":13,"column":2},"end":{"line":15,"column":null}},"11":{"start":{"line":14,"column":4},"end":{"line":14,"column":30}},"12":{"start":{"line":17,"column":2},"end":{"line":19,"column":null}},"13":{"start":{"line":18,"column":4},"end":{"line":18,"column":64}},"14":{"start":{"line":21,"column":2},"end":{"line":23,"column":null}},"15":{"start":{"line":22,"column":4},"end":{"line":22,"column":34}},"16":{"start":{"line":25,"column":2},"end":{"line":25,"column":31}},"17":{"start":{"line":27,"column":2},"end":{"line":27,"column":22}},"18":{"start":{"line":30,"column":2},"end":{"line":36,"column":5}},"19":{"start":{"line":38,"column":2},"end":{"line":38,"column":31}}},"fnMap":{"0":{"name":"(anonymous_13)","decl":{"start":{"line":7,"column":15},"end":{"line":7,"column":22}},"loc":{"start":{"line":7,"column":69},"end":{"line":39,"column":null}}},"1":{"name":"(anonymous_14)","decl":{"start":{"line":7,"column":69},"end":{"line":7,"column":null}},"loc":{"start":{"line":7,"column":69},"end":{"line":39,"column":null}}}},"branchMap":{"0":{"loc":{"start":{"line":13,"column":2},"end":{"line":15,"column":null}},"type":"if","locations":[{"start":{"line":13,"column":2},"end":{"line":15,"column":null}},{"start":{"line":13,"column":2},"end":{"line":15,"column":null}}]},"1":{"loc":{"start":{"line":17,"column":2},"end":{"line":19,"column":null}},"type":"if","locations":[{"start":{"line":17,"column":2},"end":{"line":19,"column":null}},{"start":{"line":17,"column":2},"end":{"line":19,"column":null}}]},"2":{"loc":{"start":{"line":21,"column":2},"end":{"line":23,"column":null}},"type":"if","locations":[{"start":{"line":21,"column":2},"end":{"line":23,"column":null}},{"start":{"line":21,"column":2},"end":{"line":23,"column":null}}]}},"s":{"0":5,"1":5,"2":5,"3":5,"4":5,"5":5,"6":5,"7":5,"8":5,"9":5,"10":5,"11":1,"12":4,"13":1,"14":3,"15":1,"16":2,"17":4,"18":4,"19":2},"f":{"0":5,"1":5},"b":{"0":[1,4],"1":[1,3],"2":[1,2]}}
,"/Users/ofoegbugoodnews/projects/node-projects/microservices/ticketing/tickets/src/events/listeners/OrderCancelledListener.ts": {"path":"/Users/ofoegbugoodnews/projects/node-projects/microservices/ticketing/tickets/src/events/listeners/OrderCancelledListener.ts","statementMap":{"0":{"start":{"line":1,"column":0},"end":{"line":1,"column":78}},"1":{"start":{"line":3,"column":0},"end":{"line":3,"column":78}},"2":{"start":{"line":4,"column":0},"end":{"line":4,"column":50}},"3":{"start":{"line":5,"column":0},"end":{"line":5,"column":46}},"4":{"start":{"line":8,"column":0},"end":{"line":8,"column":73}},"5":{"start":{"line":8,"column":44},"end":{"line":8,"column":52}},"6":{"start":{"line":8,"column":0},"end":{"line":8,"column":13}},"7":{"start":{"line":9,"column":11},"end":{"line":9,"column":45}},"8":{"start":{"line":10,"column":2},"end":{"line":10,"column":34}},"9":{"start":{"line":12,"column":8},"end":{"line":38,"column":4}},"10":{"start":{"line":14,"column":19},"end":{"line":14,"column":null}},"11":{"start":{"line":14,"column":10},"end":{"line":14,"column":null}},"12":{"start":{"line":17,"column":4},"end":{"line":19,"column":null}},"13":{"start":{"line":18,"column":6},"end":{"line":18,"column":43}},"14":{"start":{"line":22,"column":4},"end":{"line":22,"column":37}},"15":{"start":{"line":25,"column":4},"end":{"line":25,"column":24}},"16":{"start":{"line":27,"column":4},"end":{"line":34,"column":7}},"17":{"start":{"line":37,"column":4},"end":{"line":37,"column":14}},"18":{"start":{"line":39,"column":0},"end":{"line":39,"column":null}},"19":{"start":{"line":8,"column":13},"end":{"line":8,"column":35}}},"fnMap":{"0":{"name":"(anonymous_19)","decl":{"start":{"line":8,"column":0},"end":{"line":8,"column":13}},"loc":{"start":{"line":8,"column":0},"end":{"line":39,"column":null}}},"1":{"name":"(anonymous_21)","decl":{"start":{"line":12,"column":2},"end":{"line":12,"column":8}},"loc":{"start":{"line":12,"column":65},"end":{"line":38,"column":4}}}},"branchMap":{"0":{"loc":{"start":{"line":8,"column":0},"end":{"line":8,"column":13}},"type":"binary-expr","locations":[{"start":{"line":8,"column":0},"end":{"line":8,"column":13}},{"start":{"line":8,"column":0},"end":{"line":8,"column":13}},{"start":{"line":8,"column":0},"end":{"line":8,"column":13}}]},"1":{"loc":{"start":{"line":14,"column":19},"end":{"line":14,"column":null}},"type":"switch","locations":[{"start":{"line":14,"column":19},"end":{"line":14,"column":null}}]},"2":{"loc":{"start":{"line":17,"column":4},"end":{"line":19,"column":null}},"type":"if","locations":[{"start":{"line":17,"column":4},"end":{"line":19,"column":null}},{"start":{"line":17,"column":4},"end":{"line":19,"column":null}}]}},"s":{"0":1,"1":1,"2":1,"3":1,"4":1,"5":1,"6":3,"7":3,"8":3,"9":1,"10":3,"11":3,"12":3,"13":0,"14":3,"15":6,"16":6,"17":3,"18":1,"19":1},"f":{"0":4,"1":3},"b":{"0":[3,3,3],"1":[3],"2":[0,3]}}
,"/Users/ofoegbugoodnews/projects/node-projects/microservices/ticketing/tickets/src/events/listeners/OrderCreatedListener.ts": {"path":"/Users/ofoegbugoodnews/projects/node-projects/microservices/ticketing/tickets/src/events/listeners/OrderCreatedListener.ts","statementMap":{"0":{"start":{"line":1,"column":0},"end":{"line":1,"column":80}},"1":{"start":{"line":3,"column":0},"end":{"line":3,"column":76}},"2":{"start":{"line":4,"column":0},"end":{"line":4,"column":50}},"3":{"start":{"line":5,"column":0},"end":{"line":5,"column":46}},"4":{"start":{"line":8,"column":0},"end":{"line":8,"column":69}},"5":{"start":{"line":8,"column":42},"end":{"line":8,"column":50}},"6":{"start":{"line":8,"column":0},"end":{"line":8,"column":13}},"7":{"start":{"line":9,"column":11},"end":{"line":9,"column":43}},"8":{"start":{"line":10,"column":2},"end":{"line":10,"column":34}},"9":{"start":{"line":12,"column":8},"end":{"line":38,"column":4}},"10":{"start":{"line":14,"column":19},"end":{"line":14,"column":null}},"11":{"start":{"line":14,"column":10},"end":{"line":14,"column":null}},"12":{"start":{"line":17,"column":4},"end":{"line":19,"column":null}},"13":{"start":{"line":18,"column":6},"end":{"line":18,"column":43}},"14":{"start":{"line":22,"column":4},"end":{"line":22,"column":35}},"15":{"start":{"line":25,"column":4},"end":{"line":25,"column":24}},"16":{"start":{"line":27,"column":4},"end":{"line":34,"column":7}},"17":{"start":{"line":37,"column":4},"end":{"line":37,"column":14}},"18":{"start":{"line":39,"column":0},"end":{"line":39,"column":null}},"19":{"start":{"line":8,"column":13},"end":{"line":8,"column":33}}},"fnMap":{"0":{"name":"(anonymous_19)","decl":{"start":{"line":8,"column":0},"end":{"line":8,"column":13}},"loc":{"start":{"line":8,"column":0},"end":{"line":39,"column":null}}},"1":{"name":"(anonymous_21)","decl":{"start":{"line":12,"column":2},"end":{"line":12,"column":8}},"loc":{"start":{"line":12,"column":63},"end":{"line":38,"column":4}}}},"branchMap":{"0":{"loc":{"start":{"line":8,"column":0},"end":{"line":8,"column":13}},"type":"binary-expr","locations":[{"start":{"line":8,"column":0},"end":{"line":8,"column":13}},{"start":{"line":8,"column":0},"end":{"line":8,"column":13}},{"start":{"line":8,"column":0},"end":{"line":8,"column":13}}]},"1":{"loc":{"start":{"line":14,"column":19},"end":{"line":14,"column":null}},"type":"switch","locations":[{"start":{"line":14,"column":19},"end":{"line":14,"column":null}}]},"2":{"loc":{"start":{"line":17,"column":4},"end":{"line":19,"column":null}},"type":"if","locations":[{"start":{"line":17,"column":4},"end":{"line":19,"column":null}},{"start":{"line":17,"column":4},"end":{"line":19,"column":null}}]}},"s":{"0":1,"1":1,"2":1,"3":1,"4":1,"5":1,"6":3,"7":3,"8":3,"9":1,"10":3,"11":3,"12":3,"13":0,"14":3,"15":6,"16":6,"17":3,"18":1,"19":1},"f":{"0":4,"1":3},"b":{"0":[3,3,3],"1":[3],"2":[0,3]}}
,"/Users/ofoegbugoodnews/projects/node-projects/microservices/ticketing/tickets/src/events/listeners/QueueGroupName.ts": {"path":"/Users/ofoegbugoodnews/projects/node-projects/microservices/ticketing/tickets/src/events/listeners/QueueGroupName.ts","statementMap":{"0":{"start":{"line":2,"column":13},"end":{"line":2,"column":48}}},"fnMap":{},"branchMap":{},"s":{"0":2},"f":{},"b":{}}
,"/Users/ofoegbugoodnews/projects/node-projects/microservices/ticketing/tickets/src/events/publishers/TicketCreatedPublisher.ts": {"path":"/Users/ofoegbugoodnews/projects/node-projects/microservices/ticketing/tickets/src/events/publishers/TicketCreatedPublisher.ts","statementMap":{"0":{"start":{"line":1,"column":0},"end":{"line":1,"column":77}},"1":{"start":{"line":3,"column":0},"end":{"line":3,"column":73}},"2":{"start":{"line":3,"column":44},"end":{"line":3,"column":53}},"3":{"start":{"line":3,"column":0},"end":{"line":3,"column":13}},"4":{"start":{"line":4,"column":11},"end":{"line":4,"column":44}},"5":{"start":{"line":5,"column":0},"end":{"line":5,"column":null}},"6":{"start":{"line":3,"column":13},"end":{"line":3,"column":35}}},"fnMap":{"0":{"name":"(anonymous_6)","decl":{"start":{"line":3,"column":0},"end":{"line":3,"column":13}},"loc":{"start":{"line":3,"column":0},"end":{"line":5,"column":null}}}},"branchMap":{"0":{"loc":{"start":{"line":3,"column":0},"end":{"line":3,"column":13}},"type":"binary-expr","locations":[{"start":{"line":3,"column":0},"end":{"line":3,"column":13}},{"start":{"line":3,"column":0},"end":{"line":3,"column":13}},{"start":{"line":3,"column":0},"end":{"line":3,"column":13}}]}},"s":{"0":5,"1":5,"2":5,"3":14,"4":14,"5":5,"6":5},"f":{"0":19},"b":{"0":[14,14,14]}}
,"/Users/ofoegbugoodnews/projects/node-projects/microservices/ticketing/tickets/src/events/publishers/TicketUpdatedPublisher.ts": {"path":"/Users/ofoegbugoodnews/projects/node-projects/microservices/ticketing/tickets/src/events/publishers/TicketUpdatedPublisher.ts","statementMap":{"0":{"start":{"line":2,"column":0},"end":{"line":2,"column":77}},"1":{"start":{"line":4,"column":0},"end":{"line":4,"column":73}},"2":{"start":{"line":4,"column":44},"end":{"line":4,"column":53}},"3":{"start":{"line":4,"column":0},"end":{"line":4,"column":13}},"4":{"start":{"line":5,"column":11},"end":{"line":5,"column":44}},"5":{"start":{"line":6,"column":0},"end":{"line":6,"column":null}},"6":{"start":{"line":4,"column":13},"end":{"line":4,"column":35}}},"fnMap":{"0":{"name":"(anonymous_6)","decl":{"start":{"line":4,"column":0},"end":{"line":4,"column":13}},"loc":{"start":{"line":4,"column":0},"end":{"line":6,"column":null}}}},"branchMap":{"0":{"loc":{"start":{"line":4,"column":0},"end":{"line":4,"column":13}},"type":"binary-expr","locations":[{"start":{"line":4,"column":0},"end":{"line":4,"column":13}},{"start":{"line":4,"column":0},"end":{"line":4,"column":13}},{"start":{"line":4,"column":0},"end":{"line":4,"column":13}}]}},"s":{"0":7,"1":7,"2":7,"3":8,"4":8,"5":7,"6":7},"f":{"0":15},"b":{"0":[8,8,8]}}
,"/Users/ofoegbugoodnews/projects/node-projects/microservices/ticketing/tickets/src/helpers/createTicket.ts": {"path":"/Users/ofoegbugoodnews/projects/node-projects/microservices/ticketing/tickets/src/helpers/createTicket.ts","statementMap":{"0":{"start":{"line":1,"column":0},"end":{"line":1,"column":32}},"1":{"start":{"line":2,"column":0},"end":{"line":2,"column":29}},"2":{"start":{"line":4,"column":13},"end":{"line":13,"column":null}},"3":{"start":{"line":5,"column":2},"end":{"line":12,"column":17}}},"fnMap":{"0":{"name":"(anonymous_1)","decl":{"start":{"line":4,"column":28},"end":{"line":4,"column":null}},"loc":{"start":{"line":4,"column":28},"end":{"line":13,"column":1}}}},"branchMap":{},"s":{"0":3,"1":3,"2":3,"3":8},"f":{"0":8},"b":{}}
,"/Users/ofoegbugoodnews/projects/node-projects/microservices/ticketing/tickets/src/models/tickets/index.ts": {"path":"/Users/ofoegbugoodnews/projects/node-projects/microservices/ticketing/tickets/src/models/tickets/index.ts","statementMap":{"0":{"start":{"line":1,"column":0},"end":{"line":1,"column":44}},"1":{"start":{"line":2,"column":0},"end":{"line":2,"column":67}},"2":{"start":{"line":30,"column":21},"end":{"line":55,"column":2}},"3":{"start":{"line":51,"column":6},"end":{"line":51,"column":23}},"4":{"start":{"line":52,"column":6},"end":{"line":52,"column":21}},"5":{"start":{"line":57,"column":0},"end":{"line":57,"column":42}},"6":{"start":{"line":58,"column":0},"end":{"line":58,"column":43}},"7":{"start":{"line":60,"column":0},"end":{"line":62,"column":2}},"8":{"start":{"line":61,"column":2},"end":{"line":61,"column":27}},"9":{"start":{"line":64,"column":15},"end":{"line":64,"column":82}},"10":{"start":{"line":66,"column":9},"end":{"line":66,"column":15}}},"fnMap":{"0":{"name":"(anonymous_1)","decl":{"start":{"line":50,"column":13},"end":{"line":50,"column":14}},"loc":{"start":{"line":50,"column":22},"end":{"line":53,"column":5}}},"1":{"name":"(anonymous_2)","decl":{"start":{"line":60,"column":29},"end":{"line":60,"column":30}},"loc":{"start":{"line":60,"column":47},"end":{"line":62,"column":1}}}},"branchMap":{},"s":{"0":8,"1":8,"2":8,"3":23,"4":23,"5":8,"6":8,"7":8,"8":22,"9":8,"10":8},"f":{"0":23,"1":22},"b":{}}
,"/Users/ofoegbugoodnews/projects/node-projects/microservices/ticketing/tickets/src/routes/create-ticket/index.ts": {"path":"/Users/ofoegbugoodnews/projects/node-projects/microservices/ticketing/tickets/src/routes/create-ticket/index.ts","statementMap":{"0":{"start":{"line":1,"column":0},"end":{"line":1,"column":30}},"1":{"start":{"line":2,"column":0},"end":{"line":2,"column":41}},"2":{"start":{"line":3,"column":0},"end":{"line":3,"column":69}},"3":{"start":{"line":4,"column":0},"end":{"line":4,"column":67}},"4":{"start":{"line":6,"column":15},"end":{"line":6,"column":31}},"5":{"start":{"line":27,"column":19},"end":{"line":27,"column":37}},"6":{"start":{"line":8,"column":0},"end":{"line":25,"column":2}}},"fnMap":{},"branchMap":{},"s":{"0":5,"1":5,"2":5,"3":5,"4":5,"5":5,"6":5},"f":{},"b":{}}
,"/Users/ofoegbugoodnews/projects/node-projects/microservices/ticketing/tickets/src/routes/fetch-ticket/index.ts": {"path":"/Users/ofoegbugoodnews/projects/node-projects/microservices/ticketing/tickets/src/routes/fetch-ticket/index.ts","statementMap":{"0":{"start":{"line":1,"column":0},"end":{"line":1,"column":30}},"1":{"start":{"line":2,"column":0},"end":{"line":2,"column":67}},"2":{"start":{"line":3,"column":0},"end":{"line":3,"column":54}},"3":{"start":{"line":5,"column":15},"end":{"line":5,"column":31}},"4":{"start":{"line":9,"column":19},"end":{"line":9,"column":36}},"5":{"start":{"line":7,"column":0},"end":{"line":7,"column":71}}},"fnMap":{},"branchMap":{},"s":{"0":5,"1":5,"2":5,"3":5,"4":5,"5":5},"f":{},"b":{}}
,"/Users/ofoegbugoodnews/projects/node-projects/microservices/ticketing/tickets/src/routes/fetch-tickets/index.ts": {"path":"/Users/ofoegbugoodnews/projects/node-projects/microservices/ticketing/tickets/src/routes/fetch-tickets/index.ts","statementMap":{"0":{"start":{"line":1,"column":0},"end":{"line":1,"column":30}},"1":{"start":{"line":2,"column":0},"end":{"line":2,"column":69}},"2":{"start":{"line":3,"column":0},"end":{"line":3,"column":54}},"3":{"start":{"line":5,"column":15},"end":{"line":5,"column":31}},"4":{"start":{"line":9,"column":19},"end":{"line":9,"column":37}},"5":{"start":{"line":7,"column":0},"end":{"line":7,"column":68}}},"fnMap":{},"branchMap":{},"s":{"0":5,"1":5,"2":5,"3":5,"4":5,"5":5},"f":{},"b":{}}
,"/Users/ofoegbugoodnews/projects/node-projects/microservices/ticketing/tickets/src/routes/update-ticket/index.ts": {"path":"/Users/ofoegbugoodnews/projects/node-projects/microservices/ticketing/tickets/src/routes/update-ticket/index.ts","statementMap":{"0":{"start":{"line":1,"column":0},"end":{"line":1,"column":30}},"1":{"start":{"line":2,"column":0},"end":{"line":2,"column":41}},"2":{"start":{"line":3,"column":0},"end":{"line":3,"column":69}},"3":{"start":{"line":4,"column":0},"end":{"line":4,"column":67}},"4":{"start":{"line":6,"column":15},"end":{"line":6,"column":31}},"5":{"start":{"line":27,"column":19},"end":{"line":27,"column":37}},"6":{"start":{"line":8,"column":0},"end":{"line":25,"column":2}}},"fnMap":{},"branchMap":{},"s":{"0":5,"1":5,"2":5,"3":5,"4":5,"5":5,"6":5},"f":{},"b":{}}
}
