TN:
SF:src/app.ts
FN:30,(anonymous_14)
FNF:1
FNH:1
FNDA:2,(anonymous_14)
DA:1,5
DA:2,5
DA:3,5
DA:4,5
DA:6,5
DA:7,5
DA:8,5
DA:9,5
DA:10,5
DA:12,5
DA:13,5
DA:15,5
DA:17,5
DA:24,5
DA:25,5
DA:26,5
DA:27,5
DA:28,5
DA:30,5
DA:31,1
DA:34,5
DA:36,5
LF:22
LH:22
BRF:0
BRH:0
end_of_record
TN:
SF:src/controllers/create-ticket/index.ts
FN:7,(anonymous_13)
FN:7,(anonymous_14)
FNF:2
FNH:2
FNDA:14,(anonymous_13)
FNDA:14,(anonymous_14)
DA:1,5
DA:4,5
DA:5,5
DA:7,14
DA:9,14
DA:11,14
DA:12,28
DA:15,28
DA:23,14
LF:9
LH:9
BRF:0
BRH:0
end_of_record
TN:
SF:src/controllers/fetch-ticket/index.ts
FN:5,(anonymous_13)
FN:5,(anonymous_14)
FNF:2
FNH:2
FNDA:3,(anonymous_13)
FNDA:3,(anonymous_14)
DA:1,5
DA:3,5
DA:5,5
DA:6,3
DA:7,3
DA:9,3
DA:10,1
DA:13,2
LF:8
LH:8
BRDA:9,0,0,1
BRDA:9,0,1,2
BRF:2
BRH:2
end_of_record
TN:
SF:src/controllers/fetch-tickets/index.ts
FN:5,(anonymous_13)
FN:5,(anonymous_14)
FNF:2
FNH:2
FNDA:1,(anonymous_13)
FNDA:1,(anonymous_14)
DA:3,5
DA:5,5
DA:6,1
DA:8,1
LF:4
LH:4
BRDA:6,0,0,1
BRF:1
BRH:1
end_of_record
TN:
SF:src/controllers/update-ticket/index.ts
FN:7,(anonymous_13)
FN:7,(anonymous_14)
FNF:2
FNH:2
FNDA:5,(anonymous_13)
FNDA:5,(anonymous_14)
DA:1,5
DA:2,5
DA:4,5
DA:5,5
DA:7,5
DA:8,5
DA:9,5
DA:11,5
DA:13,5
DA:14,1
DA:17,4
DA:18,1
DA:21,3
DA:22,1
DA:25,2
DA:27,4
DA:30,4
DA:38,2
LF:18
LH:18
BRDA:13,0,0,1
BRDA:13,0,1,4
BRDA:17,1,0,1
BRDA:17,1,1,3
BRDA:21,2,0,1
BRDA:21,2,1,2
BRF:6
BRH:6
end_of_record
TN:
SF:src/events/listeners/OrderCancelledListener.ts
FN:8,(anonymous_19)
FN:12,(anonymous_21)
FNF:2
FNH:2
FNDA:4,(anonymous_19)
FNDA:3,(anonymous_21)
DA:1,1
DA:3,1
DA:4,1
DA:5,1
DA:8,3
DA:9,3
DA:10,3
DA:12,1
DA:14,3
DA:17,3
DA:18,0
DA:22,3
DA:25,6
DA:27,6
DA:37,3
DA:39,1
LF:16
LH:15
BRDA:8,0,0,3
BRDA:8,0,1,3
BRDA:8,0,2,3
BRDA:14,1,0,3
BRDA:17,2,0,0
BRDA:17,2,1,3
BRF:6
BRH:5
end_of_record
TN:
SF:src/events/listeners/OrderCreatedListener.ts
FN:8,(anonymous_19)
FN:12,(anonymous_21)
FNF:2
FNH:2
FNDA:4,(anonymous_19)
FNDA:3,(anonymous_21)
DA:1,1
DA:3,1
DA:4,1
DA:5,1
DA:8,3
DA:9,3
DA:10,3
DA:12,1
DA:14,3
DA:17,3
DA:18,0
DA:22,3
DA:25,6
DA:27,6
DA:37,3
DA:39,1
LF:16
LH:15
BRDA:8,0,0,3
BRDA:8,0,1,3
BRDA:8,0,2,3
BRDA:14,1,0,3
BRDA:17,2,0,0
BRDA:17,2,1,3
BRF:6
BRH:5
end_of_record
TN:
SF:src/events/listeners/QueueGroupName.ts
FNF:0
FNH:0
DA:2,2
LF:1
LH:1
BRF:0
BRH:0
end_of_record
TN:
SF:src/events/publishers/TicketCreatedPublisher.ts
FN:3,(anonymous_6)
FNF:1
FNH:1
FNDA:19,(anonymous_6)
DA:1,5
DA:3,14
DA:4,14
DA:5,5
LF:4
LH:4
BRDA:3,0,0,14
BRDA:3,0,1,14
BRDA:3,0,2,14
BRF:3
BRH:3
end_of_record
TN:
SF:src/events/publishers/TicketUpdatedPublisher.ts
FN:4,(anonymous_6)
FNF:1
FNH:1
FNDA:15,(anonymous_6)
DA:2,7
DA:4,8
DA:5,8
DA:6,7
LF:4
LH:4
BRDA:4,0,0,8
BRDA:4,0,1,8
BRDA:4,0,2,8
BRF:3
BRH:3
end_of_record
TN:
SF:src/helpers/createTicket.ts
FN:4,(anonymous_1)
FNF:1
FNH:1
FNDA:8,(anonymous_1)
DA:1,3
DA:2,3
DA:4,3
DA:5,8
LF:4
LH:4
BRF:0
BRH:0
end_of_record
TN:
SF:src/models/tickets/index.ts
FN:50,(anonymous_1)
FN:60,(anonymous_2)
FNF:2
FNH:2
FNDA:23,(anonymous_1)
FNDA:22,(anonymous_2)
DA:1,8
DA:2,8
DA:30,8
DA:51,23
DA:52,23
DA:57,8
DA:58,8
DA:60,8
DA:61,22
DA:64,8
DA:66,8
LF:11
LH:11
BRF:0
BRH:0
end_of_record
TN:
SF:src/routes/create-ticket/index.ts
FNF:0
FNH:0
DA:1,5
DA:2,5
DA:3,5
DA:4,5
DA:6,5
DA:8,5
DA:27,5
LF:7
LH:7
BRF:0
BRH:0
end_of_record
TN:
SF:src/routes/fetch-ticket/index.ts
FNF:0
FNH:0
DA:1,5
DA:2,5
DA:3,5
DA:5,5
DA:7,5
DA:9,5
LF:6
LH:6
BRF:0
BRH:0
end_of_record
TN:
SF:src/routes/fetch-tickets/index.ts
FNF:0
FNH:0
DA:1,5
DA:2,5
DA:3,5
DA:5,5
DA:7,5
DA:9,5
LF:6
LH:6
BRF:0
BRH:0
end_of_record
TN:
SF:src/routes/update-ticket/index.ts
FNF:0
FNH:0
DA:1,5
DA:2,5
DA:3,5
DA:4,5
DA:6,5
DA:8,5
DA:27,5
LF:7
LH:7
BRF:0
BRH:0
end_of_record
